-------------------------------
ISW: start session
Today: Wed Sep 14 21:07:31 2022
-------------------------------
Сетевой демон запущен... 
Сетевой демон запущен... 
Ожидаем соединения по UDP... 
Ожидаем соединения по TCP... 
Запись выборки в текстовом формате в файл omp_20_16600_Лап(0.0000,1.0000).dat
Выборочная дисперсия (неценз.) 0.0485385
Запись выборки в текстовом формате в файл kol_20_16600_Лап(0.0000,1.0000).dat
Выборочная дисперсия (неценз.) 0.0647643
Запись выборки в текстовом формате в файл oms_20_16600_Лап(0.0000,1.0000).dat
Выборочная дисперсия (неценз.) 0.0680988
Запись выборки в текстовом формате в файл omb_20_16600_Лап(0.0000,1.0000).dat
Выборочная дисперсия (неценз.) 0.0587482
Запись выборки в текстовом формате в файл L_20_16600_Лап(0.0000,1.0000).dat
Выборочная дисперсия (неценз.) 0.0695517

===
Лапласа
Начальное приближение
масштаба t[0] = 0.97477577224416
сдвига t[1] = 0.97476602448643

# Результаты оценивания параметров распределения:
Лапласа с масштабом 0.1654 со сдвигом 0.9690
Метод максимального правдоподобия
Оценка по серединам интервалов

Проверка гипотез о согласии
Сложная гипотеза

Уровень значимости (вероятность ошибки первого рода) a= 0.1     
Достигаемый уровень значимости (вероятность согласия) P=1-G(S|H0)= 0       
P<a: гипотеза о согласии ОТВЕРГАЕТСЯ

Результаты проверки согласия: k=10, r=2

G:\Other\ucheba\FPMI\KTM_AD\ISW\omp_20_16600_Лап(0.0000,1.0000).dat
Наилучшее :
Лап(0.9690,0.1654)
Имя для .ini-файла:
Shift(Scale(D8(),0.165353210354292651?),0.968953817871369028?)
======================================

===
Лапласа
Начальное приближение
масштаба t[0] = 0.17554246391184
сдвига t[1] = 0.96895381787137

# Результаты оценивания параметров распределения:
Лапласа с масштабом 0.1755 со сдвигом 0.9690
Метод максимального правдоподобия
Оценка по серединам интервалов

Проверка гипотез о согласии
Сложная гипотеза

Уровень значимости (вероятность ошибки первого рода) a= 0.1     
Достигаемый уровень значимости (вероятность согласия) P=1-G(S|H0)= 0       
P<a: гипотеза о согласии ОТВЕРГАЕТСЯ

Результаты проверки согласия: k=10, r=1

G:\Other\ucheba\FPMI\KTM_AD\ISW\omp_20_16600_Лап(0.0000,1.0000).dat
Наилучшее :
Лап(0.9690,0.1755)
Имя для .ini-файла:
Shift(Scale(D8(),0.175542219489098206?),0.968953817871369028)
======================================

===
Лапласа
Начальное приближение
масштаба t[0] = 0.17554246391184
сдвига t[1] = 0.96895381787137

# Результаты оценивания параметров распределения:
Лапласа с масштабом 0.1755 со сдвигом 0.9690
Метод максимального правдоподобия
Оценка по серединам интервалов

Проверка гипотез о согласии
Сложная гипотеза

Уровень значимости (вероятность ошибки первого рода) a= 0.1     
Достигаемый уровень значимости (вероятность согласия) P=1-G(S|H0)= 0       
P<a: гипотеза о согласии ОТВЕРГАЕТСЯ

Результаты проверки согласия: k=10, r=1

G:\Other\ucheba\FPMI\KTM_AD\ISW\omp_20_16600_Лап(0.0000,1.0000).dat
Наилучшее :
Лап(0.9690,0.1755)
Имя для .ini-файла:
Shift(Scale(D8(),0.175542219489098206?),0.968953817871369028)
======================================

===
Лапласа
Начальное приближение
масштаба t[0] = 0.17554246391184
сдвига t[1] = 0.96895381787137

# Результаты оценивания параметров распределения:
Лапласа с масштабом 0.1755 со сдвигом 0.9690
Метод максимального правдоподобия
Оценка по серединам интервалов

Проверка гипотез о согласии
Сложная гипотеза

Уровень значимости (вероятность ошибки первого рода) a= 0.1     
Достигаемый уровень значимости (вероятность согласия) P=1-G(S|H0)= 0       
P<a: гипотеза о согласии ОТВЕРГАЕТСЯ

Результаты проверки согласия: k=10, r=1

G:\Other\ucheba\FPMI\KTM_AD\ISW\omp_20_16600_Лап(0.0000,1.0000).dat
Наилучшее :
Лап(0.9690,0.1755)
Имя для .ini-файла:
Shift(Scale(D8(),0.175542219489098206?),0.968953817871369028)
======================================

===
Лапласа
Начальное приближение
масштаба t[0] = 0.97477577224416
сдвига t[1] = 0.97476602448643

# Результаты оценивания параметров распределения:
Лапласа с масштабом 0.1654 со сдвигом 0.9690
Метод максимального правдоподобия
Оценка по серединам интервалов

Проверка гипотез о согласии
Сложная гипотеза

Уровень значимости (вероятность ошибки первого рода) a= 0.1     
Достигаемый уровень значимости (вероятность согласия) P=1-G(S|H0)= 0       
P<a: гипотеза о согласии ОТВЕРГАЕТСЯ

Результаты проверки согласия: k=10, r=2

G:\Other\ucheba\FPMI\KTM_AD\ISW\omp_20_16600_Лап(0.0000,1.0000).dat
Наилучшее :
Лап(0.9690,0.1654)
Имя для .ini-файла:
Shift(Scale(D8(),0.165353210354292651?),0.968953817871369028?)
======================================

===
Лапласа
Начальное приближение
масштаба t[0] = 0.17554246391184
сдвига t[1] = 0.96895381787137

# Результаты оценивания параметров распределения:
Лапласа с масштабом 0.1755 со сдвигом 0.9690
Метод максимального правдоподобия
Оценка по серединам интервалов

Проверка гипотез о согласии
Сложная гипотеза

Уровень значимости (вероятность ошибки первого рода) a= 0.1     
Достигаемый уровень значимости (вероятность согласия) P=1-G(S|H0)= 0       
P<a: гипотеза о согласии ОТВЕРГАЕТСЯ

Результаты проверки согласия: k=10, r=1

G:\Other\ucheba\FPMI\KTM_AD\ISW\omp_20_16600_Лап(0.0000,1.0000).dat
Наилучшее :
Лап(0.9690,0.1755)
Имя для .ini-файла:
Shift(Scale(D8(),0.175542219489098206?),0.968953817871369028)
======================================

===
Лапласа
Начальное приближение
масштаба t[0] = 0.97477577224416
сдвига t[1] = 0.97476602448643

# Результаты оценивания параметров распределения:
Лапласа с масштабом 0.1654 со сдвигом 0.9690
Метод максимального правдоподобия
Оценка по серединам интервалов

Проверка гипотез о согласии
Сложная гипотеза

Уровень значимости (вероятность ошибки первого рода) a= 0.1     
Достигаемый уровень значимости (вероятность согласия) P=1-G(S|H0)= 0       
P<a: гипотеза о согласии ОТВЕРГАЕТСЯ

Результаты проверки согласия: k=10, r=2

G:\Other\ucheba\FPMI\KTM_AD\ISW\omp_20_16600_Лап(0.0000,1.0000).dat
Наилучшее :
Лап(0.9690,0.1654)
Имя для .ini-файла:
Shift(Scale(D8(),0.165353210354292651?),0.968953817871369028?)
======================================
Запись выборки в текстовом формате в файл omp_20_100_Лап(0.9690,0.1654).dat
Выборочная дисперсия (неценз.) 0.00173671
Запись выборки в текстовом формате в файл kol_20_100_Лап(0.9690,0.1654).dat
Выборочная дисперсия (неценз.) 0.00560879
Запись выборки в текстовом формате в файл oms_20_100_Лап(0.9690,0.1654).dat
Выборочная дисперсия (неценз.) 0.00287489
Запись выборки в текстовом формате в файл omb_20_100_Лап(0.9690,0.1654).dat
Выборочная дисперсия (неценз.) 0.00248577
Запись выборки в текстовом формате в файл L_20_100_Лап(0.9690,0.1654).dat
Выборочная дисперсия (неценз.) 0.00247545

===
Лапласа
Начальное приближение
масштаба t[0] = 0.16507290929125
сдвига t[1] = 0.16507125856215

# Результаты оценивания параметров распределения:
Лапласа с масштабом 0.0436 со сдвигом 0.1439
Метод максимального правдоподобия
Оценка по серединам интервалов

Проверка гипотез о согласии
Сложная гипотеза

Уровень значимости (вероятность ошибки первого рода) a= 0.1     
Достигаемый уровень значимости (вероятность согласия) P=1-G(S|H0)= 0       
P<a: гипотеза о согласии ОТВЕРГАЕТСЯ

Результаты проверки согласия: k=10, r=2

G:\Other\ucheba\FPMI\KTM_AD\ISW\omp_20_100_Лап(0.9690,0.1654).dat
Наилучшее :
Лап(0.1439,0.0436)
Имя для .ini-файла:
Shift(Scale(D8(),0.043595182663563957?),0.143869258081777279?)
======================================

===
Лапласа
Начальное приближение
масштаба t[0] = 0.03521195569002
сдвига t[1] = 0.14386925808178

# Результаты оценивания параметров распределения:
Лапласа с масштабом 0.0352 со сдвигом 0.1439
Метод максимального правдоподобия
Оценка по серединам интервалов

Проверка гипотез о согласии
Сложная гипотеза

Уровень значимости (вероятность ошибки первого рода) a= 0.1     
Достигаемый уровень значимости (вероятность согласия) P=1-G(S|H0)= 0       
P<a: гипотеза о согласии ОТВЕРГАЕТСЯ

Результаты проверки согласия: k=10, r=1

G:\Other\ucheba\FPMI\KTM_AD\ISW\omp_20_100_Лап(0.9690,0.1654).dat
Наилучшее :
Лап(0.1439,0.0352)
Имя для .ini-файла:
Shift(Scale(D8(),0.035211711267277963?),0.143869258081777279)
======================================
Запись выборки в текстовом формате в файл omp_20_16600_Лап(0.1439,0.0352).dat
Выборочная дисперсия (неценз.) 6.17469e-05
Запись выборки в текстовом формате в файл kol_20_16600_Лап(0.1439,0.0352).dat
Выборочная дисперсия (неценз.) 0.000277833
Запись выборки в текстовом формате в файл oms_20_16600_Лап(0.1439,0.0352).dat
Выборочная дисперсия (неценз.) 0.000120906
Запись выборки в текстовом формате в файл omb_20_16600_Лап(0.1439,0.0352).dat
Выборочная дисперсия (неценз.) 9.99598e-05
Запись выборки в текстовом формате в файл L_20_16600_Лап(0.1439,0.0352).dat
Выборочная дисперсия (неценз.) 8.62347e-05

===
Лапласа
Начальное приближение
масштаба t[0] = 0.10857108309357
сдвига t[1] = 0.14386925808178

# Результаты оценивания параметров распределения:
Лапласа с масштабом 0.1086 со сдвигом 0.1439
Метод максимального правдоподобия
Оценка по серединам интервалов

Проверка гипотез о согласии
Сложная гипотеза

Уровень значимости (вероятность ошибки первого рода) a= 0.1     
Достигаемый уровень значимости (вероятность согласия) P=1-G(S|H0)= 0       
P<a: гипотеза о согласии ОТВЕРГАЕТСЯ

Результаты проверки согласия: k=10, r=1
-------------------------------
ISW: start session
Today: Thu Sep 15 00:18:27 2022
-------------------------------
Сетевой демон запущен... 
Сетевой демон запущен... 
Ожидаем соединения по UDP... 
Ожидаем соединения по TCP... 

===
Лапласа
Начальное приближение
масштаба t[0] = 0.03529817498821
сдвига t[1] = 0.03529782200646

# Результаты оценивания параметров распределения:
Лапласа с масштабом 0.0063 со сдвигом 0.0347
Метод максимального правдоподобия
Оценка по серединам интервалов

Проверка гипотез о согласии
Сложная гипотеза

Уровень значимости (вероятность ошибки первого рода) a= 0.1     
Достигаемый уровень значимости (вероятность согласия) P=1-G(S|H0)= 0       
P<a: гипотеза о согласии ОТВЕРГАЕТСЯ

Результаты проверки согласия: k=10, r=2

G:\Other\ucheba\FPMI\KTM_AD\ISW\omp_20_16600_Лап(0.1439,0.0352).dat
Наилучшее :
Лап(0.0347,0.0063)
Имя для .ini-файла:
Shift(Scale(D8(),0.006257593277892515?),0.034665260269897066?)
======================================
Запись выборки в текстовом формате в файл omp_20_16600_Лап(0.0000,1.0000).dat
Выборочная дисперсия (неценз.) 0.0498005
Запись выборки в текстовом формате в файл kol_20_16600_Лап(0.0000,1.0000).dat
Выборочная дисперсия (неценз.) 0.218437
Запись выборки в текстовом формате в файл oms_20_16600_Лап(0.0000,1.0000).dat
Выборочная дисперсия (неценз.) 0.0971386
Запись выборки в текстовом формате в файл omb_20_16600_Лап(0.0000,1.0000).dat
Выборочная дисперсия (неценз.) 0.0806212
Запись выборки в текстовом формате в файл L_20_16600_Лап(0.0000,1.0000).dat
Выборочная дисперсия (неценз.) 0.0695517

===
Лапласа
Начальное приближение
масштаба t[0] = 1.00246418739291
сдвига t[1] = 0.00000000000000

# Результаты оценивания параметров распределения:
Лапласа с масштабом 1.0025 со сдвигом 0.0000
Метод максимального правдоподобия
Оценка по серединам интервалов

Проверка гипотез о согласии
Сложная гипотеза

Уровень значимости (вероятность ошибки первого рода) a= 0.1     
Достигаемый уровень значимости (вероятность согласия) P=1-G(S|H0)= 0       
P<a: гипотеза о согласии ОТВЕРГАЕТСЯ

Результаты проверки согласия: k=10, r=1

G:\Other\ucheba\FPMI\KTM_AD\ISW\omp_20_16600_Лап(0.0000,1.0000).dat
Наилучшее :
Лап(0.0000,1.0025)
Имя для .ini-файла:
Shift(Scale(D8(),1.002463942970165167?),0.000000000000000000)
======================================

===
Лапласа
Начальное приближение
масштаба t[0] = 1.00246418739291
сдвига t[1] = 0.00000000000000

# Результаты оценивания параметров распределения:
Лапласа с масштабом 1.0025 со сдвигом 0.0000
Метод максимального правдоподобия
Оценка по серединам интервалов

Проверка гипотез о согласии
Сложная гипотеза

Уровень значимости (вероятность ошибки первого рода) a= 0.1     
Достигаемый уровень значимости (вероятность согласия) P=1-G(S|H0)= 0       
P<a: гипотеза о согласии ОТВЕРГАЕТСЯ

Результаты проверки согласия: k=10, r=1

G:\Other\ucheba\FPMI\KTM_AD\ISW\omp_20_16600_Лап(0.0000,1.0000).dat
Наилучшее :
Лап(0.0000,1.0025)
Имя для .ini-файла:
Shift(Scale(D8(),1.002463942970165167?),0.000000000000000000)
======================================

===
Лапласа
Начальное приближение
масштаба t[0] = 1.00246418739291
сдвига t[1] = 0.00000000000000

# Результаты оценивания параметров распределения:
Лапласа с масштабом 1.0025 со сдвигом 0.0000
Метод максимального правдоподобия
Оценка по серединам интервалов

Проверка гипотез о согласии
Сложная гипотеза

Уровень значимости (вероятность ошибки первого рода) a= 0.1     
Достигаемый уровень значимости (вероятность согласия) P=1-G(S|H0)= 0       
P<a: гипотеза о согласии ОТВЕРГАЕТСЯ

Результаты проверки согласия: k=10, r=1

G:\Other\ucheba\FPMI\KTM_AD\ISW\omp_20_16600_Лап(0.0000,1.0000).dat
Наилучшее :
Лап(0.0000,1.0025)
Имя для .ini-файла:
Shift(Scale(D8(),1.002463942970165167?),0.000000000000000000)
======================================

===
Лапласа
Начальное приближение
масштаба t[0] = 1.00246418739291
сдвига t[1] = 0.00000000000000

# Результаты оценивания параметров распределения:
Лапласа с масштабом 1.0025 со сдвигом 0.0000
Метод максимального правдоподобия
Оценка по серединам интервалов

Проверка гипотез о согласии
Сложная гипотеза

Уровень значимости (вероятность ошибки первого рода) a= 0.1     
Достигаемый уровень значимости (вероятность согласия) P=1-G(S|H0)= 0       
P<a: гипотеза о согласии ОТВЕРГАЕТСЯ

Результаты проверки согласия: k=10, r=1

G:\Other\ucheba\FPMI\KTM_AD\ISW\omp_20_16600_Лап(0.0000,1.0000).dat
Наилучшее :
Лап(0.0000,1.0025)
Имя для .ini-файла:
Shift(Scale(D8(),1.002463942970165167?),0.000000000000000000)
======================================

===
Лапласа
Начальное приближение
масштаба t[0] = 1.00246394297017
сдвига t[1] = 1.00245416275103

# Результаты оценивания параметров распределения:
Лапласа с масштабом 1.0025 со сдвигом 0.9845
Метод максимального правдоподобия
Оценка по серединам интервалов
Асимптотически оптимальное группирование

Проверка гипотез о согласии
Сложная гипотеза

Уровень значимости (вероятность ошибки первого рода) a= 0.1     
Достигаемый уровень значимости (вероятность согласия) P=1-G(S|H0)= 0       
P<a: гипотеза о согласии ОТВЕРГАЕТСЯ

Результаты проверки согласия: k=10, r=1
Асимптотически оптимальное группирование

G:\Other\ucheba\FPMI\KTM_AD\ISW\omp_20_16600_Лап(0.0000,1.0000).dat
Наилучшее :
Лап(0.9845,1.0025)
Имя для .ini-файла:
Shift(Scale(D8(),1.002463942970165167),0.984504249593262326?)
======================================

===
Лапласа
Начальное приближение
масштаба t[0] = 1.00246418739291
сдвига t[1] = 1.00245416275103

# Результаты оценивания параметров распределения:
Лапласа с масштабом 0.1777 со сдвигом 0.9846
Метод максимального правдоподобия
Оценка по серединам интервалов

Проверка гипотез о согласии
Сложная гипотеза

Уровень значимости (вероятность ошибки первого рода) a= 0.1     
Достигаемый уровень значимости (вероятность согласия) P=1-G(S|H0)= 0       
P<a: гипотеза о согласии ОТВЕРГАЕТСЯ

Результаты проверки согласия: k=10, r=2

G:\Other\ucheba\FPMI\KTM_AD\ISW\omp_20_16600_Лап(0.0000,1.0000).dat
Наилучшее :
Лап(0.9846,0.1777)
Имя для .ini-файла:
Shift(Scale(D8(),0.177667680308864595?),0.984551749015573630?)
======================================

===
Лапласа
Начальное приближение
масштаба t[0] = 0.17766768030886
сдвига t[1] = 0.98455174901557

# Результаты оценивания параметров распределения:
Лапласа с масштабом 0.1777 со сдвигом 0.9846
Метод максимального правдоподобия
Оценка по серединам интервалов

Проверка гипотез о согласии
Простая гипотеза

Уровень значимости (вероятность ошибки первого рода) a= 0.1     
Достигаемый уровень значимости (вероятность согласия) P=1-G(S|H0)= 0       
P<a: гипотеза о согласии ОТВЕРГАЕТСЯ

Результаты проверки согласия: k=10, r=0

G:\Other\ucheba\FPMI\KTM_AD\ISW\omp_20_16600_Лап(0.0000,1.0000).dat
Наилучшее :
Лап(0.9846,0.1777)
Имя для .ini-файла:
Shift(Scale(D8(),0.177667680308864595),0.984551749015573630)
======================================

===
Лапласа
Начальное приближение
масштаба t[0] = 0.17770125189246
сдвига t[1] = 0.98455174901557

# Результаты оценивания параметров распределения:
Лапласа с масштабом 0.1777 со сдвигом 0.9846
Метод максимального правдоподобия
Оценка по серединам интервалов

Проверка гипотез о согласии
Сложная гипотеза

Уровень значимости (вероятность ошибки первого рода) a= 0.1     
Достигаемый уровень значимости (вероятность согласия) P=1-G(S|H0)= 0       
P<a: гипотеза о согласии ОТВЕРГАЕТСЯ

Результаты проверки согласия: k=10, r=1

G:\Other\ucheba\FPMI\KTM_AD\ISW\omp_20_16600_Лап(0.0000,1.0000).dat
Наилучшее :
Лап(0.9846,0.1777)
Имя для .ini-файла:
Shift(Scale(D8(),0.177701007469718730?),0.984551749015573630)
======================================

===
Лапласа
Начальное приближение
масштаба t[0] = 1.00246418739291
сдвига t[1] = 0.00000000000000

# Результаты оценивания параметров распределения:
Лапласа с масштабом 1.0025 со сдвигом 0.0000
Метод максимального правдоподобия
Оценка по серединам интервалов

Проверка гипотез о согласии
Сложная гипотеза

Уровень значимости (вероятность ошибки первого рода) a= 0.1     
Достигаемый уровень значимости (вероятность согласия) P=1-G(S|H0)= 0       
P<a: гипотеза о согласии ОТВЕРГАЕТСЯ

Результаты проверки согласия: k=10, r=1

G:\Other\ucheba\FPMI\KTM_AD\ISW\omp_20_16600_Лап(0.0000,1.0000).dat
Наилучшее :
Лап(0.0000,1.0025)
Имя для .ini-файла:
Shift(Scale(D8(),1.002463942970165167?),0.000000000000000000)
======================================

===
Лапласа
Начальное приближение
масштаба t[0] = 1.00000000000000
сдвига t[1] = 1.00245416275103

# Результаты оценивания параметров распределения:
Лапласа с масштабом 1.0000 со сдвигом 0.9845
Метод максимального правдоподобия
Оценка по серединам интервалов
Асимптотически оптимальное группирование

Проверка гипотез о согласии
Сложная гипотеза

Уровень значимости (вероятность ошибки первого рода) a= 0.1     
Достигаемый уровень значимости (вероятность согласия) P=1-G(S|H0)= 0       
P<a: гипотеза о согласии ОТВЕРГАЕТСЯ

Результаты проверки согласия: k=10, r=1
Асимптотически оптимальное группирование

G:\Other\ucheba\FPMI\KTM_AD\ISW\omp_20_16600_Лап(0.0000,1.0000).dat
Наилучшее :
Лап(0.9845,1.0000)
Имя для .ini-файла:
Shift(Scale(D8(),1.000000000000000000),0.984500928127238661?)
======================================

===
Лапласа
Начальное приближение
масштаба t[0] = 1.00000000000000
сдвига t[1] = 1.00245416275103

# Результаты оценивания параметров распределения:
Лапласа с масштабом 1.0000 со сдвигом 0.9845
Метод максимального правдоподобия
Оценка по серединам интервалов
Асимптотически оптимальное группирование

Проверка гипотез о согласии
Сложная гипотеза

Уровень значимости (вероятность ошибки первого рода) a= 0.1     
Достигаемый уровень значимости (вероятность согласия) P=1-G(S|H0)= 0       
P<a: гипотеза о согласии ОТВЕРГАЕТСЯ

Результаты проверки согласия: k=10, r=1
Асимптотически оптимальное группирование

G:\Other\ucheba\FPMI\KTM_AD\ISW\omp_20_16600_Лап(0.0000,1.0000).dat
Наилучшее :
Лап(0.9845,1.0000)
Имя для .ini-файла:
Shift(Scale(D8(),1.000000000000000000),0.984500928127238661?)
======================================

===
Лапласа
Начальное приближение
масштаба t[0] = 0.17811667509183
сдвига t[1] = 1.00000000000000

# Результаты оценивания параметров распределения:
Лапласа с масштабом 0.1781 со сдвигом 1.0000
Метод максимального правдоподобия
Оценка по серединам интервалов

Проверка гипотез о согласии
Сложная гипотеза

Уровень значимости (вероятность ошибки первого рода) a= 0.1     
Достигаемый уровень значимости (вероятность согласия) P=1-G(S|H0)= 0       
P<a: гипотеза о согласии ОТВЕРГАЕТСЯ

Результаты проверки согласия: k=10, r=1

G:\Other\ucheba\FPMI\KTM_AD\ISW\omp_20_16600_Лап(0.0000,1.0000).dat
Наилучшее :
Лап(1.0000,0.1781)
Имя для .ini-файла:
Shift(Scale(D8(),0.178116430669083198?),1.000000000000000000)
======================================
Запись выборки в текстовом формате в файл omp_20_100_Лап(0.0000,1.0000).dat
Выборочная дисперсия (неценз.) 0.0633022
Запись выборки в текстовом формате в файл kol_20_100_Лап(0.0000,1.0000).dat
Выборочная дисперсия (неценз.) 0.087857
Запись выборки в текстовом формате в файл oms_20_100_Лап(0.0000,1.0000).dat
Выборочная дисперсия (неценз.) 0.0923021
Запись выборки в текстовом формате в файл omb_20_100_Лап(0.0000,1.0000).dat
Выборочная дисперсия (неценз.) 0.0766025
Запись выборки в текстовом формате в файл L_20_100_Лап(0.0000,1.0000).dat
Выборочная дисперсия (неценз.) 0.0905377

===
Лапласа
Начальное приближение
масштаба t[0] = 0.97321435137551
сдвига t[1] = 0.00000000000000

# Результаты оценивания параметров распределения:
Лапласа с масштабом 0.9732 со сдвигом 0.0000
Метод максимального правдоподобия
Оценка по серединам интервалов

Проверка гипотез о согласии
Сложная гипотеза

Уровень значимости (вероятность ошибки первого рода) a= 0.1     
Достигаемый уровень значимости (вероятность согласия) P=1-G(S|H0)= 0       
P<a: гипотеза о согласии ОТВЕРГАЕТСЯ

Результаты проверки согласия: k=10, r=1

G:\Other\ucheba\FPMI\KTM_AD\ISW\omp_20_100_Лап(0.0000,1.0000).dat
Наилучшее :
Лап(0.0000,0.9732)
Имя для .ini-файла:
Shift(Scale(D8(),0.973214351375455866?),0.000000000000000000)
======================================

===
Лапласа
Начальное приближение
масштаба t[0] = 0.97321435137546
сдвига t[1] = 0.00000000000000

# Результаты оценивания параметров распределения:
Лапласа с масштабом 0.9732 со сдвигом 0.0000
Метод максимального правдоподобия
Оценка по серединам интервалов

Проверка гипотез о согласии
Простая гипотеза

Уровень значимости (вероятность ошибки первого рода) a= 0.1     
Достигаемый уровень значимости (вероятность согласия) P=1-G(S|H0)= 0       
P<a: гипотеза о согласии ОТВЕРГАЕТСЯ

Результаты проверки согласия: k=10, r=0

G:\Other\ucheba\FPMI\KTM_AD\ISW\omp_20_100_Лап(0.0000,1.0000).dat
Наилучшее :
Лап(0.0000,0.9732)
Имя для .ini-файла:
Shift(Scale(D8(),0.973214351375455866),0.000000000000000000)
======================================

===
Лапласа
Начальное приближение
масштаба t[0] = 5.00000000000000
сдвига t[1] = 0.00000000000000

# Результаты оценивания параметров распределения:
Лапласа с масштабом 5.0000 со сдвигом 0.0000
Метод максимального правдоподобия
Оценка по серединам интервалов

Проверка гипотез о согласии
Простая гипотеза

Уровень значимости (вероятность ошибки первого рода) a= 0.1     
Достигаемый уровень значимости (вероятность согласия) P=1-G(S|H0)= 0       
P<a: гипотеза о согласии ОТВЕРГАЕТСЯ

Результаты проверки согласия: k=10, r=0

G:\Other\ucheba\FPMI\KTM_AD\ISW\omp_20_100_Лап(0.0000,1.0000).dat
Наилучшее :
Лап(0.0000,5.0000)
Имя для .ini-файла:
Shift(Scale(D8(),5.000000000000000000),0.000000000000000000)
======================================
Запись выборки в текстовом формате в файл omp_20_100_Лап(0.0000,5.0000).dat
Выборочная дисперсия (неценз.) 1.58797
Запись выборки в текстовом формате в файл kol_20_100_Лап(0.0000,5.0000).dat
Выборочная дисперсия (неценз.) 4.96676
Запись выборки в текстовом формате в файл oms_20_100_Лап(0.0000,5.0000).dat
Выборочная дисперсия (неценз.) 2.42548
Запись выборки в текстовом формате в файл omb_20_100_Лап(0.0000,5.0000).dat
Выборочная дисперсия (неценз.) 2.10138
Запись выборки в текстовом формате в файл L_20_100_Лап(0.0000,5.0000).dat
Выборочная дисперсия (неценз.) 2.26344
Запись выборки в текстовом формате в файл omp_20_16600_Лап(0.0000,5.0000).dat
Выборочная дисперсия (неценз.) 1.24501
Запись выборки в текстовом формате в файл kol_20_16600_Лап(0.0000,5.0000).dat
Выборочная дисперсия (неценз.) 5.47735
Запись выборки в текстовом формате в файл oms_20_16600_Лап(0.0000,5.0000).dat
Выборочная дисперсия (неценз.) 2.22265
Запись выборки в текстовом формате в файл omb_20_16600_Лап(0.0000,5.0000).dat
Выборочная дисперсия (неценз.) 1.90942
Запись выборки в текстовом формате в файл L_20_16600_Лап(0.0000,5.0000).dat
Выборочная дисперсия (неценз.) 1.73879

===
Лапласа
Начальное приближение
масштаба t[0] = 5.01232165567907
сдвига t[1] = 0.00000000000000

# Результаты оценивания параметров распределения:
Лапласа с масштабом 5.0123 со сдвигом 0.0000
Метод максимального правдоподобия
Оценка по серединам интервалов

Проверка гипотез о согласии
Сложная гипотеза

Уровень значимости (вероятность ошибки первого рода) a= 0.1     
Достигаемый уровень значимости (вероятность согласия) P=1-G(S|H0)= 0       
P<a: гипотеза о согласии ОТВЕРГАЕТСЯ

Результаты проверки согласия: k=10, r=1

G:\Other\ucheba\FPMI\KTM_AD\ISW\omp_20_16600_Лап(0.0000,5.0000).dat
Наилучшее :
Лап(0.0000,5.0123)
Имя для .ini-файла:
Shift(Scale(D8(),5.012320757192621379?),0.000000000000000000)
======================================

===
Лапласа
Начальное приближение
масштаба t[0] = 5.01232165567907
сдвига t[1] = 0.00000000000000

# Результаты оценивания параметров распределения:
Лапласа с масштабом 5.0123 со сдвигом 0.0000
Метод максимального правдоподобия
Оценка по серединам интервалов

Проверка гипотез о согласии
Сложная гипотеза

Уровень значимости (вероятность ошибки первого рода) a= 0.1     
Достигаемый уровень значимости (вероятность согласия) P=1-G(S|H0)= 0       
P<a: гипотеза о согласии ОТВЕРГАЕТСЯ

Результаты проверки согласия: k=10, r=1

G:\Other\ucheba\FPMI\KTM_AD\ISW\omp_20_16600_Лап(0.0000,5.0000).dat
Наилучшее :
Лап(0.0000,5.0123)
Имя для .ini-файла:
Shift(Scale(D8(),5.012320757192621379?),0.000000000000000000)
======================================

===
Лапласа
Начальное приближение
масштаба t[0] = 5.00000000000000
сдвига t[1] = 0.00000000000000

# Результаты оценивания параметров распределения:
Лапласа с масштабом 5.0000 со сдвигом 0.0000
Метод максимального правдоподобия
Оценка по серединам интервалов

Проверка гипотез о согласии
Простая гипотеза

Уровень значимости (вероятность ошибки первого рода) a= 0.1     
Достигаемый уровень значимости (вероятность согласия) P=1-G(S|H0)= 0       
P<a: гипотеза о согласии ОТВЕРГАЕТСЯ

Результаты проверки согласия: k=10, r=0

G:\Other\ucheba\FPMI\KTM_AD\ISW\omp_20_16600_Лап(0.0000,5.0000).dat
Наилучшее :
Лап(0.0000,5.0000)
Имя для .ini-файла:
Shift(Scale(D8(),5.000000000000000000),0.000000000000000000)
======================================

===
Лапласа
Начальное приближение
масштаба t[0] = 5.00000000000000
сдвига t[1] = 0.00000000000000

# Результаты оценивания параметров распределения:
Лапласа с масштабом 5.0000 со сдвигом 0.0000
Метод максимального правдоподобия
Оценка по серединам интервалов

Проверка гипотез о согласии
Критерий Колмогорова...
Простая гипотеза

Уровень значимости (вероятность ошибки первого рода) a= 0.1     
Достигаемый уровень значимости (вероятность согласия) P=1-G(S|H0)= 0       
P<a: гипотеза о согласии ОТВЕРГАЕТСЯ

Результаты проверки согласия: k=10, r=0
* Колмогорова S=90.90768657667297 P=0       

G:\Other\ucheba\FPMI\KTM_AD\ISW\omp_20_16600_Лап(0.0000,5.0000).dat
Наилучшее :
Лап(0.0000,5.0000)
Имя для .ini-файла:
Shift(Scale(D8(),5.000000000000000000),0.000000000000000000)
======================================

===
Лапласа
Начальное приближение
масштаба t[0] = 5.00000000000000
сдвига t[1] = 0.00000000000000

# Результаты оценивания параметров распределения:
Лапласа с масштабом 5.0000 со сдвигом 0.0000
Метод минимума статистики Колмогорова
Оценка по серединам интервалов

Проверка гипотез о согласии
Простая гипотеза

Уровень значимости (вероятность ошибки первого рода) a= 0.1     
Достигаемый уровень значимости (вероятность согласия) P=1-G(S|H0)= 0       
P<a: гипотеза о согласии ОТВЕРГАЕТСЯ

Результаты проверки согласия: k=10, r=0

G:\Other\ucheba\FPMI\KTM_AD\ISW\kol_20_16600_Лап(0.0000,5.0000).dat
Наилучшее :
Лап(0.0000,5.0000)
Имя для .ini-файла:
Shift(Scale(D8(),5.000000000000000000),0.000000000000000000)
======================================

===
Лапласа
Начальное приближение
масштаба t[0] = 5.00000000000000
сдвига t[1] = 1.00245416275103

# Результаты оценивания параметров распределения:
Лапласа с масштабом 5.0000 со сдвигом 1.0747
Метод минимума статистики Колмогорова
Оценка по серединам интервалов
Асимптотически оптимальное группирование

Проверка гипотез о согласии
Сложная гипотеза

Уровень значимости (вероятность ошибки первого рода) a= 0.1     
Достигаемый уровень значимости (вероятность согласия) P=1-G(S|H0)= 0       
P<a: гипотеза о согласии ОТВЕРГАЕТСЯ

Результаты проверки согласия: k=10, r=1
Асимптотически оптимальное группирование

G:\Other\ucheba\FPMI\KTM_AD\ISW\omp_20_16600_Лап(0.0000,1.0000).dat
Наилучшее :
Лап(1.0747,5.0000)
Имя для .ini-файла:
Shift(Scale(D8(),5.000000000000000000),1.074699468710185180?)
======================================

===
Лапласа
Начальное приближение
масштаба t[0] = 1.00000000000000
сдвига t[1] = 1.00245416275103

# Результаты оценивания параметров распределения:
Лапласа с масштабом 1.0000 со сдвигом 1.0406
Метод минимума статистики Колмогорова
Оценка по серединам интервалов
Асимптотически оптимальное группирование

Проверка гипотез о согласии
Сложная гипотеза

Уровень значимости (вероятность ошибки первого рода) a= 0.1     
Достигаемый уровень значимости (вероятность согласия) P=1-G(S|H0)= 0       
P<a: гипотеза о согласии ОТВЕРГАЕТСЯ

Результаты проверки согласия: k=10, r=1
Асимптотически оптимальное группирование

G:\Other\ucheba\FPMI\KTM_AD\ISW\omp_20_16600_Лап(0.0000,1.0000).dat
Наилучшее :
Лап(1.0406,1.0000)
Имя для .ini-файла:
Shift(Scale(D8(),1.000000000000000000),1.040614833083651769?)
======================================

===
Лапласа
Начальное приближение
масштаба t[0] = 1.00246418739291
сдвига t[1] = 0.00000000000000

# Результаты оценивания параметров распределения:
Лапласа с масштабом 93055.9131 со сдвигом 0.0000
Метод минимума статистики Колмогорова
Оценка по серединам интервалов

Проверка гипотез о согласии
Сложная гипотеза

Уровень значимости (вероятность ошибки первого рода) a= 0.1     
Достигаемый уровень значимости (вероятность согласия) P=1-G(S|H0)= 0       
P<a: гипотеза о согласии ОТВЕРГАЕТСЯ

Результаты проверки согласия: k=10, r=1

G:\Other\ucheba\FPMI\KTM_AD\ISW\omp_20_16600_Лап(0.0000,1.0000).dat
Наилучшее :
Лап(0.0000,93055.9131)
Имя для .ini-файла:
Shift(Scale(D8(),93055.913091539638120000?),0.000000000000000000)
======================================

===
Лапласа
Начальное приближение
масштаба t[0] = 1.00246418739291
сдвига t[1] = 0.00000000000000

# Результаты оценивания параметров распределения:
Лапласа с масштабом 1.0025 со сдвигом 0.0000
Метод максимального правдоподобия
Оценка по серединам интервалов

Проверка гипотез о согласии
Сложная гипотеза

Уровень значимости (вероятность ошибки первого рода) a= 0.1     
Достигаемый уровень значимости (вероятность согласия) P=1-G(S|H0)= 0       
P<a: гипотеза о согласии ОТВЕРГАЕТСЯ

Результаты проверки согласия: k=10, r=1

G:\Other\ucheba\FPMI\KTM_AD\ISW\omp_20_16600_Лап(0.0000,1.0000).dat
Наилучшее :
Лап(0.0000,1.0025)
Имя для .ini-файла:
Shift(Scale(D8(),1.002463942970165167?),0.000000000000000000)
======================================

===
Лапласа
Начальное приближение
масштаба t[0] = 1.00246418739291
сдвига t[1] = 0.00000000000000

# Результаты оценивания параметров распределения:
Лапласа с масштабом 1.0025 со сдвигом 0.0000
Метод максимального правдоподобия
Оценка по серединам интервалов

Проверка гипотез о согласии
Сложная гипотеза

Уровень значимости (вероятность ошибки первого рода) a= 0.1     
Достигаемый уровень значимости (вероятность согласия) P=1-G(S|H0)= 0       
P<a: гипотеза о согласии ОТВЕРГАЕТСЯ

Результаты проверки согласия: k=10, r=1

G:\Other\ucheba\FPMI\KTM_AD\ISW\omp_20_16600_Лап(0.0000,1.0000).dat
Наилучшее :
Лап(0.0000,1.0025)
Имя для .ini-файла:
Shift(Scale(D8(),1.002463942970165167?),0.000000000000000000)
======================================

===
Лапласа
Начальное приближение
масштаба t[0] = 1.00246418739291
сдвига t[1] = 1.00245416275103

# Результаты оценивания параметров распределения:
Лапласа с масштабом 0.1777 со сдвигом 0.9846
Метод максимального правдоподобия
Оценка по серединам интервалов

Проверка гипотез о согласии
Сложная гипотеза

Уровень значимости (вероятность ошибки первого рода) a= 0.1     
Достигаемый уровень значимости (вероятность согласия) P=1-G(S|H0)= 0       
P<a: гипотеза о согласии ОТВЕРГАЕТСЯ

Результаты проверки согласия: k=10, r=2

G:\Other\ucheba\FPMI\KTM_AD\ISW\omp_20_16600_Лап(0.0000,1.0000).dat
Наилучшее :
Лап(0.9846,0.1777)
Имя для .ini-файла:
Shift(Scale(D8(),0.177667680308864595?),0.984551749015573630?)
======================================

===
Лапласа
Начальное приближение
масштаба t[0] = 0.17766768030886
сдвига t[1] = 1.00245416275103

# Результаты оценивания параметров распределения:
Лапласа с масштабом 0.1777 со сдвигом 0.9845
Метод максимального правдоподобия
Оценка по серединам интервалов
Асимптотически оптимальное группирование

Проверка гипотез о согласии
Сложная гипотеза

Уровень значимости (вероятность ошибки первого рода) a= 0.1     
Достигаемый уровень значимости (вероятность согласия) P=1-G(S|H0)= 0       
P<a: гипотеза о согласии ОТВЕРГАЕТСЯ

Результаты проверки согласия: k=10, r=1
Асимптотически оптимальное группирование

G:\Other\ucheba\FPMI\KTM_AD\ISW\omp_20_16600_Лап(0.0000,1.0000).dat
Наилучшее :
Лап(0.9845,0.1777)
Имя для .ini-файла:
Shift(Scale(D8(),0.177667680308864595),0.984496931567667821?)
======================================

===
Лапласа
Начальное приближение
масштаба t[0] = 1.00246418739291
сдвига t[1] = 0.00000000000000

# Результаты оценивания параметров распределения:
Лапласа с масштабом 1.0025 со сдвигом 0.0000
Метод максимального правдоподобия
Оценка по серединам интервалов

Проверка гипотез о согласии
Сложная гипотеза

Уровень значимости (вероятность ошибки первого рода) a= 0.1     
Достигаемый уровень значимости (вероятность согласия) P=1-G(S|H0)= 0       
P<a: гипотеза о согласии ОТВЕРГАЕТСЯ

Результаты проверки согласия: k=10, r=1

G:\Other\ucheba\FPMI\KTM_AD\ISW\omp_20_16600_Лап(0.0000,1.0000).dat
Наилучшее :
Лап(0.0000,1.0025)
Имя для .ini-файла:
Shift(Scale(D8(),1.002463942970165167?),0.000000000000000000)
======================================

===
Лапласа
Начальное приближение
масштаба t[0] = 0.17811667509183
сдвига t[1] = 1.00000000000000

# Результаты оценивания параметров распределения:
Лапласа с масштабом 0.1781 со сдвигом 1.0000
Метод максимального правдоподобия
Оценка по серединам интервалов

Проверка гипотез о согласии
Сложная гипотеза

Уровень значимости (вероятность ошибки первого рода) a= 0.1     
Достигаемый уровень значимости (вероятность согласия) P=1-G(S|H0)= 0       
P<a: гипотеза о согласии ОТВЕРГАЕТСЯ

Результаты проверки согласия: k=10, r=1

G:\Other\ucheba\FPMI\KTM_AD\ISW\omp_20_16600_Лап(0.0000,1.0000).dat
Наилучшее :
Лап(1.0000,0.1781)
Имя для .ini-файла:
Shift(Scale(D8(),0.178116430669083198?),1.000000000000000000)
======================================

===
Лапласа
Начальное приближение
масштаба t[0] = 1.00246418739291
сдвига t[1] = 1.00245416275103

# Результаты оценивания параметров распределения:
Лапласа с масштабом 0.1777 со сдвигом 0.9846
Метод максимального правдоподобия
Оценка по серединам интервалов

Проверка гипотез о согласии
Сложная гипотеза

Уровень значимости (вероятность ошибки первого рода) a= 0.1     
Достигаемый уровень значимости (вероятность согласия) P=1-G(S|H0)= 0       
P<a: гипотеза о согласии ОТВЕРГАЕТСЯ

Результаты проверки согласия: k=10, r=2

G:\Other\ucheba\FPMI\KTM_AD\ISW\omp_20_16600_Лап(0.0000,1.0000).dat
Наилучшее :
Лап(0.9846,0.1777)
Имя для .ini-файла:
Shift(Scale(D8(),0.177667680308864595?),0.984551749015573630?)
======================================

===
Равномерное
Начальное приближение
масштаба t[0] = 1.67757818027920
сдвига t[1] = 0.00000000000000

# Результаты оценивания параметров распределения:
Равномерное с масштабом 1.6776 со сдвигом 0.0000
Метод максимального правдоподобия
Оценка по серединам интервалов
Асимптотически оптимальное группирование

Проверка гипотез о согласии
Простая гипотеза

Уровень значимости (вероятность ошибки первого рода) a= 0.1     
Достигаемый уровень значимости (вероятность согласия) P=1-G(S|H0)= 0       
P<a: гипотеза о согласии ОТВЕРГАЕТСЯ

Результаты проверки согласия: k=10, r=0
Асимптотически оптимальное группирование

G:\Other\ucheba\FPMI\KTM_AD\ISW\omp_20_16600_Лап(0.0000,1.0000).dat
Наилучшее :
Рав(0.0000,1.6776)
Имя для .ini-файла:
Shift(Scale(D0(),1.677578180279198916?),0.000000000000000000)
======================================

===
Равномерное
Начальное приближение
масштаба t[0] = 1.67757818027920
сдвига t[1] = 0.00000000000000

# Результаты оценивания параметров распределения:
Равномерное с масштабом 1.6776 со сдвигом 0.0000
Метод максимального правдоподобия
Оценка по серединам интервалов
Асимптотически оптимальное группирование

Проверка гипотез о согласии
Простая гипотеза

Уровень значимости (вероятность ошибки первого рода) a= 0.1     
Достигаемый уровень значимости (вероятность согласия) P=1-G(S|H0)= 0       
P<a: гипотеза о согласии ОТВЕРГАЕТСЯ

Результаты проверки согласия: k=10, r=0
Асимптотически оптимальное группирование

G:\Other\ucheba\FPMI\KTM_AD\ISW\omp_20_16600_Лап(0.0000,1.0000).dat
Наилучшее :
Рав(0.0000,1.6776)
Имя для .ini-файла:
Shift(Scale(D0(),1.677578180279198916?),0.000000000000000000)
======================================
Запись выборки в текстовом формате в файл omp_50_16600_Лап(0.0000,1.0000).dat
Выборочная дисперсия (неценз.) 0.020027
Запись выборки в текстовом формате в файл kol_50_16600_Лап(0.0000,1.0000).dat
Выборочная дисперсия (неценз.) 0.057149
Запись выборки в текстовом формате в файл oms_50_16600_Лап(0.0000,1.0000).dat
Выборочная дисперсия (неценз.) 0.0308646
Запись выборки в текстовом формате в файл omb_50_16600_Лап(0.0000,1.0000).dat
Выборочная дисперсия (неценз.) 0.0256454
Запись выборки в текстовом формате в файл L_50_16600_Лап(0.0000,1.0000).dat
Выборочная дисперсия (неценз.) 0.0272066

===
Лапласа
Начальное приближение
масштаба t[0] = 1.00038141682328
сдвига t[1] = 0.00000000000000

# Результаты оценивания параметров распределения:
Лапласа с масштабом 1.0004 со сдвигом 0.0000
Метод максимального правдоподобия
Оценка по серединам интервалов

Проверка гипотез о согласии
Сложная гипотеза

Уровень значимости (вероятность ошибки первого рода) a= 0.1     
Достигаемый уровень значимости (вероятность согласия) P=1-G(S|H0)= 0       
P<a: гипотеза о согласии ОТВЕРГАЕТСЯ

Результаты проверки согласия: k=10, r=1

G:\Other\ucheba\FPMI\KTM_AD\ISW\omp_50_16600_Лап(0.0000,1.0000).dat
Наилучшее :
Лап(0.0000,1.0004)
Имя для .ini-файла:
Shift(Scale(D8(),1.000381172400534258?),0.000000000000000000)
======================================

===
Лапласа
Начальное приближение
масштаба t[0] = 1.00246418739291
сдвига t[1] = 0.00000000000000

# Результаты оценивания параметров распределения:
Лапласа с масштабом 1.0025 со сдвигом 0.0000
Метод максимального правдоподобия
Оценка по серединам интервалов

Проверка гипотез о согласии
Сложная гипотеза

Уровень значимости (вероятность ошибки первого рода) a= 0.1     
Достигаемый уровень значимости (вероятность согласия) P=1-G(S|H0)= 0       
P<a: гипотеза о согласии ОТВЕРГАЕТСЯ

Результаты проверки согласия: k=10, r=1

G:\Other\ucheba\FPMI\KTM_AD\ISW\omp_20_16600_Лап(0.0000,1.0000).dat
Наилучшее :
Лап(0.0000,1.0025)
Имя для .ini-файла:
Shift(Scale(D8(),1.002463942970165167?),0.000000000000000000)
======================================
-------------------------------
ISW: start session
Today: Thu Sep 29 00:50:39 2022
-------------------------------
Сетевой демон запущен... 
Сетевой демон запущен... 
Ожидаем соединения по UDP... 
Ожидаем соединения по TCP... 
-------------------------------
ISW: start session
Today: Thu Oct 06 00:19:32 2022
-------------------------------
Сетевой демон запущен... 
Сетевой демон запущен... 
Ожидаем соединения по UDP... 
Ожидаем соединения по TCP... 
Запись выборки в текстовом формате в файл kavendish.dat

===
Нормальное
Начальное приближение
масштаба t[0] = 5.50000000000000
сдвига t[1] = 0.22000000000000

# Результаты оценивания параметров распределения:
Нормальное с масштабом 5.5000 со сдвигом 0.2200
Метод максимального правдоподобия
Оценка по серединам интервалов

Проверка гипотез о согласии
Критерий Колмогорова...
Критерий Крамера-Мизеса-Смирнова...
Критерий Андерсона-Дарлинга...
Простая гипотеза

Уровень значимости (вероятность ошибки первого рода) a= 0.1     
Достигаемый уровень значимости (вероятность согласия) P=1-G(S|H0)= 0       
P<a: гипотеза о согласии ОТВЕРГАЕТСЯ

Результаты проверки согласия: k=10, r=0
* Колмогорова S=4.347581216357595 P=0       
* Крамера-Мизеса-Смирнова S=5.393535390904809 P=0       
* Андерсона-Дарлинга S=26.54776867752065 P=0       

G:\Other\ucheba\FPMI\IM_PMI\lab1\kavendish.dat
Наилучшее :
N(0.2200,5.5000)
Имя для .ini-файла:
Shift(Scale(D9(),5.500000000000000000),0.220000000000000001)
======================================

===
Нормальное
Начальное приближение
масштаба t[0] = 0.22000000000000
сдвига t[1] = 5.50000000000000

# Результаты оценивания параметров распределения:
Нормальное с масштабом 0.2200 со сдвигом 5.5000
Метод максимального правдоподобия
Оценка по серединам интервалов

Проверка гипотез о согласии
Критерий Колмогорова...
Критерий Крамера-Мизеса-Смирнова...
Критерий Андерсона-Дарлинга...
Простая гипотеза

Уровень значимости (вероятность ошибки первого рода) a= 0.1     
Достигаемый уровень значимости (вероятность согласия) P=1-G(S|H0)= 0.5857047223889885
P>a: гипотеза о согласии НЕ ОТВЕРГАЕТСЯ

Результаты проверки согласия: k=10, r=0
* Колмогорова S=0.6612322864542696 P=0.7744135276611631
* Крамера-Мизеса-Смирнова S=0.1216648804745813 P=0.4887180079010813
* Андерсона-Дарлинга S=0.7822840237740891 P=0.4939826316047211

G:\Other\ucheba\FPMI\IM_PMI\lab1\kavendish.dat
Наилучшее :
N(5.5000,0.2200)
Имя для .ini-файла:
Shift(Scale(D9(),0.220000000000000001),5.500000000000000000)
======================================

===
Нормальное
Начальное приближение
масштаба t[0] = 0.22000000000000
сдвига t[1] = 5.50000000000000

# Результаты оценивания параметров распределения:
Нормальное с масштабом 0.2200 со сдвигом 5.5000
Метод максимального правдоподобия
Оценка по серединам интервалов

Проверка гипотез о согласии
Критерий Колмогорова...
Критерий Крамера-Мизеса-Смирнова...
Критерий Андерсона-Дарлинга...
Простая гипотеза

Уровень значимости (вероятность ошибки первого рода) a= 0.1     
Достигаемый уровень значимости (вероятность согласия) P=1-G(S|H0)= 0.5857047223889885
P>a: гипотеза о согласии НЕ ОТВЕРГАЕТСЯ

Результаты проверки согласия: k=10, r=0
* Колмогорова S=0.6612322864542696 P=0.7744135276611631
* Крамера-Мизеса-Смирнова S=0.1216648804745813 P=0.4887180079010813
* Андерсона-Дарлинга S=0.7822840237740891 P=0.4939826316047211

G:\Other\ucheba\FPMI\IM_PMI\lab1\kavendish.dat
Наилучшее :
N(5.5000,0.2200)
Имя для .ini-файла:
Shift(Scale(D9(),0.220000000000000001),5.500000000000000000)
======================================

===
Нормальное
Начальное приближение
масштаба t[0] = 0.22000000000000
сдвига t[1] = 5.50000000000000

# Результаты оценивания параметров распределения:
Нормальное с масштабом 0.2200 со сдвигом 5.5000
Метод максимального правдоподобия
Оценка по серединам интервалов

Проверка гипотез о согласии
Критерий Колмогорова...
Критерий Крамера-Мизеса-Смирнова...
Критерий Андерсона-Дарлинга...
Простая гипотеза

Уровень значимости (вероятность ошибки первого рода) a= 0.1     
Достигаемый уровень значимости (вероятность согласия) P=1-G(S|H0)= 0.5857047223889885
P>a: гипотеза о согласии НЕ ОТВЕРГАЕТСЯ

Результаты проверки согласия: k=10, r=0
* Колмогорова S=0.6612322864542696 P=0.7744135276611631
* Крамера-Мизеса-Смирнова S=0.1216648804745813 P=0.4887180079010813
* Андерсона-Дарлинга S=0.7822840237740891 P=0.4939826316047211

G:\Other\ucheba\FPMI\IM_PMI\lab1\kavendish.dat
Наилучшее :
N(5.5000,0.2200)
Имя для .ini-файла:
Shift(Scale(D9(),0.220000000000000001),5.500000000000000000)
======================================

===
Нормальное
Начальное приближение
масштаба t[0] = 0.22000000000000
сдвига t[1] = 5.50000000000000

# Результаты оценивания параметров распределения:
Нормальное с масштабом 0.2200 со сдвигом 5.5000
Метод максимального правдоподобия
Оценка по серединам интервалов

Проверка гипотез о согласии
Критерий Колмогорова...
Критерий Крамера-Мизеса-Смирнова...
Критерий Андерсона-Дарлинга...
Простая гипотеза

Уровень значимости (вероятность ошибки первого рода) a= 0.1     
Достигаемый уровень значимости (вероятность согласия) P=1-G(S|H0)= 0.5857047223889885
P>a: гипотеза о согласии НЕ ОТВЕРГАЕТСЯ

Результаты проверки согласия: k=10, r=0
* Колмогорова S=0.6612322864542696 P=0.7744135276611631
* Крамера-Мизеса-Смирнова S=0.1216648804745813 P=0.4887180079010813
* Андерсона-Дарлинга S=0.7822840237740891 P=0.4939826316047211

G:\Other\ucheba\FPMI\IM_PMI\lab1\kavendish.dat
Наилучшее :
N(5.5000,0.2200)
Имя для .ini-файла:
Shift(Scale(D9(),0.220000000000000001),5.500000000000000000)
======================================

===
Нормальное
Начальное приближение
масштаба t[0] = 0.22094568353759
сдвига t[1] = 5.44787655517241

# Результаты оценивания параметров распределения:
Нормальное с масштабом 0.2171 со сдвигом 5.4479
Метод максимального правдоподобия
Оценка по серединам интервалов

Проверка гипотез о согласии
Критерий Колмогорова...
Критерий Крамера-Мизеса-Смирнова...
Критерий Андерсона-Дарлинга...
Сложная гипотеза
Cтатистика Колмогорова подчиняется распределению Гамма (6.4721,0.0580,0.2620)
Cтатистика Крамера-Мизеса-Смирнова подчиняется распределению Бе-III (4.1153,4.1748,11.0350,0.5116,0.0090)
Cтатистика Андерсона-Дарлинга подчиняется распределению Бе-III (4.7262,4.6575,9.4958,2.7170,0.0775)

Уровень значимости (вероятность ошибки первого рода) a= 0.1     
Достигаемый уровень значимости (вероятность согласия) P=1-G(S|H0)= 0.8603293813238199
P>a: гипотеза о согласии НЕ ОТВЕРГАЕТСЯ

Результаты проверки согласия: k=10, r=2
* Колмогорова S=0.5154134335959738 P=0.7889705507442077
* Крамера-Мизеса-Смирнова S=0.02535544691690086 P=0.9131656788256302
* Андерсона-Дарлинга S=0.2029477029673643 P=0.8788519144016218

G:\Other\ucheba\FPMI\IM_PMI\lab1\kavendish.dat
Наилучшее :
N(5.4479,0.2171)
Имя для .ini-файла:
Shift(Scale(D9(),0.217102508850987280?),5.447879418457637790?)
======================================

===
Нормальное
Начальное приближение
масштаба t[0] = 0.26647535214442
сдвига t[1] = 5.41339414137931

# Результаты оценивания параметров распределения:
Нормальное с масштабом 0.2618 со сдвигом 5.4134
Метод максимального правдоподобия
Оценка по серединам интервалов

Проверка гипотез о согласии
Критерий Колмогорова...
Критерий Крамера-Мизеса-Смирнова...
Критерий Андерсона-Дарлинга...
Сложная гипотеза
Cтатистика Колмогорова подчиняется распределению Гамма (6.4721,0.0580,0.2620)
Cтатистика Крамера-Мизеса-Смирнова подчиняется распределению Бе-III (4.1153,4.1748,11.0350,0.5116,0.0090)
Cтатистика Андерсона-Дарлинга подчиняется распределению Бе-III (4.7262,4.6575,9.4958,2.7170,0.0775)

Уровень значимости (вероятность ошибки первого рода) a= 0.1     
Достигаемый уровень значимости (вероятность согласия) P=1-G(S|H0)= 0.2607982140884195
P>a: гипотеза о согласии НЕ ОТВЕРГАЕТСЯ

Результаты проверки согласия: k=10, r=2
* Колмогорова S=0.7905818772593765 P=0.1466521005726968
* Крамера-Мизеса-Смирнова S=0.06219860861182967 P=0.3568503104817294
* Андерсона-Дарлинга S=0.4496475185419513 P=0.2788922312108322

G:\Other\ucheba\FPMI\IM_PMI\lab1\kavendish_2.dat
Наилучшее :
N(5.4134,0.2618)
Имя для .ini-файла:
Shift(Scale(D9(),0.261840200072048168?),5.413396652351525340?)
======================================

===
Нормальное
Начальное приближение
масштаба t[0] = 0.22000000000000
сдвига t[1] = 5.50000000000000

# Результаты оценивания параметров распределения:
Нормальное с масштабом 0.2200 со сдвигом 5.5000
Метод максимального правдоподобия
Оценка по серединам интервалов

Проверка гипотез о согласии
Критерий Колмогорова...
Критерий Крамера-Мизеса-Смирнова...
Критерий Андерсона-Дарлинга...
Простая гипотеза

Уровень значимости (вероятность ошибки первого рода) a= 0.1     
Достигаемый уровень значимости (вероятность согласия) P=1-G(S|H0)= 0.272840957290196
P>a: гипотеза о согласии НЕ ОТВЕРГАЕТСЯ

Результаты проверки согласия: k=10, r=0
* Колмогорова S=0.8469276246313214 P=0.4699986239720663
* Крамера-Мизеса-Смирнова S=0.2269417355054744 P=0.2208289867874664
* Андерсона-Дарлинга S=1.743466262019144 P=0.1276952611110554

G:\Other\ucheba\FPMI\IM_PMI\lab1\kavendish_2.dat
Наилучшее :
N(5.5000,0.2200)
Имя для .ini-файла:
Shift(Scale(D9(),0.220000000000000001),5.500000000000000000)
======================================

===
Нормальное
Начальное приближение
масштаба t[0] = 0.22000000000000
сдвига t[1] = 5.50000000000000

# Результаты оценивания параметров распределения:
Нормальное с масштабом 0.2200 со сдвигом 5.5000
Метод максимального правдоподобия
Оценка по серединам интервалов

Проверка гипотез о согласии
Преобразование Смирнова выполнено.
Критерий Колмогорова...
Критерий Крамера-Мизеса-Смирнова...
Критерий Андерсона-Дарлинга...
Простая гипотеза

Уровень значимости (вероятность ошибки первого рода) a= 0.1     
Достигаемый уровень значимости (вероятность согласия) P=1-G(S|H0)= 0.272840957290196
P>a: гипотеза о согласии НЕ ОТВЕРГАЕТСЯ

Результаты проверки согласия: k=10, r=0
* Колмогорова S=0.8469276246313214 P=0.4699986239720663
* Крамера-Мизеса-Смирнова S=0.2269417355054744 P=0.2208289867874664
* Андерсона-Дарлинга S=1.743466262019144 P=0.1276952611110554

G:\Other\ucheba\FPMI\IM_PMI\lab1\kavendish_2.dat
Наилучшее :
N(5.5000,0.2200)
Имя для .ini-файла:
Shift(Scale(D9(),0.220000000000000001),5.500000000000000000)
======================================

===
Нормальное
Начальное приближение
масштаба t[0] = 0.22000000000000
сдвига t[1] = 5.50000000000000

# Результаты оценивания параметров распределения:
Нормальное с масштабом 0.2200 со сдвигом 5.5000
Метод максимального правдоподобия
Оценка по серединам интервалов

Проверка гипотез о согласии
Критерий Колмогорова...
Критерий Крамера-Мизеса-Смирнова...
Критерий Андерсона-Дарлинга...
Простая гипотеза

Уровень значимости (вероятность ошибки первого рода) a= 0.1     
Достигаемый уровень значимости (вероятность согласия) P=1-G(S|H0)= 0.5857047223889885
P>a: гипотеза о согласии НЕ ОТВЕРГАЕТСЯ

Результаты проверки согласия: k=10, r=0
* Колмогорова S=0.6612322864542696 P=0.7744135276611631
* Крамера-Мизеса-Смирнова S=0.1216648804745813 P=0.4887180079010813
* Андерсона-Дарлинга S=0.7822840237740891 P=0.4939826316047211

G:\Other\ucheba\FPMI\IM_PMI\lab1\kavendish.dat
Наилучшее :
N(5.5000,0.2200)
Имя для .ini-файла:
Shift(Scale(D9(),0.220000000000000001),5.500000000000000000)
======================================

===
Нормальное
Начальное приближение
масштаба t[0] = 0.22000000000000
сдвига t[1] = 5.50000000000000

# Результаты оценивания параметров распределения:
Нормальное с масштабом 0.2200 со сдвигом 5.5000
Метод максимального правдоподобия
Оценка по серединам интервалов

Проверка гипотез о согласии
Критерий Колмогорова...
Критерий Крамера-Мизеса-Смирнова...
Критерий Андерсона-Дарлинга...
Простая гипотеза

Уровень значимости (вероятность ошибки первого рода) a= 0.1     
Достигаемый уровень значимости (вероятность согласия) P=1-G(S|H0)= 0.272840957290196
P>a: гипотеза о согласии НЕ ОТВЕРГАЕТСЯ

Результаты проверки согласия: k=10, r=0
* Колмогорова S=0.8469276246313214 P=0.4699986239720663
* Крамера-Мизеса-Смирнова S=0.2269417355054744 P=0.2208289867874664
* Андерсона-Дарлинга S=1.743466262019144 P=0.1276952611110554

G:\Other\ucheba\FPMI\IM_PMI\lab1\kavendish_2.dat
Наилучшее :
N(5.5000,0.2200)
Имя для .ini-файла:
Shift(Scale(D9(),0.220000000000000001),5.500000000000000000)
======================================

===
Нормальное
Начальное приближение
масштаба t[0] = 0.22000000000000
сдвига t[1] = 5.50000000000000

# Результаты оценивания параметров распределения:
Нормальное с масштабом 0.2200 со сдвигом 5.5000
Метод максимального правдоподобия
Оценка по серединам интервалов

Проверка гипотез о согласии
Критерий Колмогорова...
Критерий Крамера-Мизеса-Смирнова...
Критерий Андерсона-Дарлинга...
Простая гипотеза

Уровень значимости (вероятность ошибки первого рода) a= 0.1     
Достигаемый уровень значимости (вероятность согласия) P=1-G(S|H0)= 0.272840957290196
P>a: гипотеза о согласии НЕ ОТВЕРГАЕТСЯ

Результаты проверки согласия: k=10, r=0
* Колмогорова S=0.8469276246313214 P=0.4699986239720663
* Крамера-Мизеса-Смирнова S=0.2269417355054744 P=0.2208289867874664
* Андерсона-Дарлинга S=1.743466262019144 P=0.1276952611110554

G:\Other\ucheba\FPMI\IM_PMI\lab1\kavendish_2.dat
Наилучшее :
N(5.5000,0.2200)
Имя для .ini-файла:
Shift(Scale(D9(),0.220000000000000001),5.500000000000000000)
======================================

===
Нормальное
Начальное приближение
масштаба t[0] = 0.22000000000000
сдвига t[1] = 5.50000000000000

# Результаты оценивания параметров распределения:
Нормальное с масштабом 0.2200 со сдвигом 5.5000
Метод максимального правдоподобия
Оценка по серединам интервалов

Проверка гипотез о согласии
Критерий Колмогорова...
Критерий Крамера-Мизеса-Смирнова...
Критерий Андерсона-Дарлинга...
Простая гипотеза

Уровень значимости (вероятность ошибки первого рода) a= 0.1     
Достигаемый уровень значимости (вероятность согласия) P=1-G(S|H0)= 0.5857047223889885
P>a: гипотеза о согласии НЕ ОТВЕРГАЕТСЯ

Результаты проверки согласия: k=10, r=0
* Колмогорова S=0.6612322864542696 P=0.7744135276611631
* Крамера-Мизеса-Смирнова S=0.1216648804745813 P=0.4887180079010813
* Андерсона-Дарлинга S=0.7822840237740891 P=0.4939826316047211

G:\Other\ucheba\FPMI\IM_PMI\lab1\kavendish.dat
Наилучшее :
N(5.5000,0.2200)
Имя для .ini-файла:
Shift(Scale(D9(),0.220000000000000001),5.500000000000000000)
======================================

===
Нормальное
Начальное приближение
масштаба t[0] = 0.22000000000000
сдвига t[1] = 5.50000000000000

# Результаты оценивания параметров распределения:
Нормальное с масштабом 0.2200 со сдвигом 5.5000
Метод максимального правдоподобия
Оценка по серединам интервалов

Проверка гипотез о согласии
Критерий Колмогорова...
Критерий Крамера-Мизеса-Смирнова...
Критерий Андерсона-Дарлинга...
Простая гипотеза

Уровень значимости (вероятность ошибки первого рода) a= 0.1     
Достигаемый уровень значимости (вероятность согласия) P=1-G(S|H0)= 0.5857047223889885
P>a: гипотеза о согласии НЕ ОТВЕРГАЕТСЯ

Результаты проверки согласия: k=10, r=0
* Колмогорова S=0.6612322864542696 P=0.7744135276611631
* Крамера-Мизеса-Смирнова S=0.1216648804745813 P=0.4887180079010813
* Андерсона-Дарлинга S=0.7822840237740891 P=0.4939826316047211

G:\Other\ucheba\FPMI\IM_PMI\lab1\kavendish.dat
Наилучшее :
N(5.5000,0.2200)
Имя для .ini-файла:
Shift(Scale(D9(),0.220000000000000001),5.500000000000000000)
======================================

===
Нормальное
Начальное приближение
масштаба t[0] = 0.22000000000000
сдвига t[1] = 5.50000000000000

# Результаты оценивания параметров распределения:
Нормальное с масштабом 0.2200 со сдвигом 5.5000
Метод максимального правдоподобия
Оценка по серединам интервалов

Проверка гипотез о согласии
Критерий Колмогорова...
Критерий Крамера-Мизеса-Смирнова...
Критерий Андерсона-Дарлинга...
Простая гипотеза

Уровень значимости (вероятность ошибки первого рода) a= 0.1     
Достигаемый уровень значимости (вероятность согласия) P=1-G(S|H0)= 0.272840957290196
P>a: гипотеза о согласии НЕ ОТВЕРГАЕТСЯ

Результаты проверки согласия: k=10, r=0
* Колмогорова S=0.8469276246313214 P=0.4699986239720663
* Крамера-Мизеса-Смирнова S=0.2269417355054744 P=0.2208289867874664
* Андерсона-Дарлинга S=1.743466262019144 P=0.1276952611110554

G:\Other\ucheba\FPMI\IM_PMI\lab1\kavendish_2.dat
Наилучшее :
N(5.5000,0.2200)
Имя для .ini-файла:
Shift(Scale(D9(),0.220000000000000001),5.500000000000000000)
======================================
-------------------------------
ISW: start session
Today: Thu Oct 06 01:00:36 2022
-------------------------------
Сетевой демон запущен... 
Сетевой демон запущен... 
Ожидаем соединения по UDP... 
Ожидаем соединения по TCP... 

===
Нормальное
Начальное приближение
масштаба t[0] = 0.22000000000000
сдвига t[1] = 5.50000000000000

# Результаты оценивания параметров распределения:
Нормальное с масштабом 0.2200 со сдвигом 5.5000
Метод максимального правдоподобия
Оценка по серединам интервалов

Проверка гипотез о согласии
Критерий Колмогорова...
Критерий Крамера-Мизеса-Смирнова...
Критерий Андерсона-Дарлинга...
Простая гипотеза

Уровень значимости (вероятность ошибки первого рода) a= 0.1     
Достигаемый уровень значимости (вероятность согласия) P=1-G(S|H0)= 0.5857047223889885
P>a: гипотеза о согласии НЕ ОТВЕРГАЕТСЯ

Результаты проверки согласия: k=10, r=0
* Колмогорова S=0.6612322864542696 P=0.7744135276611631
* Крамера-Мизеса-Смирнова S=0.1216648804745813 P=0.4887180079010813
* Андерсона-Дарлинга S=0.7822840237740891 P=0.4939826316047211

G:\Other\ucheba\FPMI\IM_PMI\lab1\kavendish.dat
Наилучшее :
N(5.5000,0.2200)
Имя для .ini-файла:
Shift(Scale(D9(),0.220000000000000001),5.500000000000000000)
======================================

===
Нормальное
Начальное приближение
масштаба t[0] = 0.22000000000000
сдвига t[1] = 5.50000000000000

# Результаты оценивания параметров распределения:
Нормальное с масштабом 0.2200 со сдвигом 5.5000
Метод максимального правдоподобия
Оценка по серединам интервалов

Проверка гипотез о согласии
Критерий Колмогорова...
Критерий Крамера-Мизеса-Смирнова...
Критерий Андерсона-Дарлинга...
Простая гипотеза

Уровень значимости (вероятность ошибки первого рода) a= 0.1     
Достигаемый уровень значимости (вероятность согласия) P=1-G(S|H0)= 0.5857047223889885
P>a: гипотеза о согласии НЕ ОТВЕРГАЕТСЯ

Результаты проверки согласия: k=10, r=0
* Колмогорова S=0.6612322864542696 P=0.7744135276611631
* Крамера-Мизеса-Смирнова S=0.1216648804745813 P=0.4887180079010813
* Андерсона-Дарлинга S=0.7822840237740891 P=0.4939826316047211

G:\Other\ucheba\FPMI\IM_PMI\lab1\kavendish_2.dat
Наилучшее :
N(5.5000,0.2200)
Имя для .ini-файла:
Shift(Scale(D9(),0.220000000000000001),5.500000000000000000)
======================================

===
Нормальное
Начальное приближение
масштаба t[0] = 0.22094568353759
сдвига t[1] = 5.44787655517241

# Результаты оценивания параметров распределения:
Нормальное с масштабом 0.2171 со сдвигом 5.4479
Метод максимального правдоподобия
Оценка по серединам интервалов

Проверка гипотез о согласии
Критерий Колмогорова...
Сложная гипотеза
Cтатистика Колмогорова подчиняется распределению Гамма (6.4721,0.0580,0.2620)

Уровень значимости (вероятность ошибки первого рода) a= 0.1     
Достигаемый уровень значимости (вероятность согласия) P=1-G(S|H0)= 0.7889705507439203
P>a: гипотеза о согласии НЕ ОТВЕРГАЕТСЯ

Результаты проверки согласия: k=10, r=2
* Колмогорова S=0.5154134335960867 P=0.7889705507439203

G:\Other\ucheba\FPMI\IM_PMI\lab1\kavendish_2.dat
Наилучшее :
N(5.4479,0.2171)
Имя для .ini-файла:
Shift(Scale(D9(),0.217102508850986892?),5.447879418457620915?)
======================================

===
Нормальное
Начальное приближение
масштаба t[0] = 0.22094568353759
сдвига t[1] = 5.44787655517241

# Результаты оценивания параметров распределения:
Нормальное с масштабом 0.2171 со сдвигом 5.4479
Метод максимального правдоподобия
Оценка по серединам интервалов

Проверка гипотез о согласии
Критерий Колмогорова...
Критерий Крамера-Мизеса-Смирнова...
Критерий Андерсона-Дарлинга...
Сложная гипотеза
Cтатистика Колмогорова подчиняется распределению Гамма (6.4721,0.0580,0.2620)
Cтатистика Крамера-Мизеса-Смирнова подчиняется распределению Бе-III (4.1153,4.1748,11.0350,0.5116,0.0090)
Cтатистика Андерсона-Дарлинга подчиняется распределению Бе-III (4.7262,4.6575,9.4958,2.7170,0.0775)

Уровень значимости (вероятность ошибки первого рода) a= 0.1     
Достигаемый уровень значимости (вероятность согласия) P=1-G(S|H0)= 0.8603293813235782
P>a: гипотеза о согласии НЕ ОТВЕРГАЕТСЯ

Результаты проверки согласия: k=10, r=2
* Колмогорова S=0.5154134335960867 P=0.7889705507439203
* Крамера-Мизеса-Смирнова S=0.02535544691691975 P=0.9131656788253818
* Андерсона-Дарлинга S=0.2029477029674425 P=0.8788519144014323

G:\Other\ucheba\FPMI\IM_PMI\lab1\kavendish_2.dat
Наилучшее :
N(5.4479,0.2171)
Имя для .ini-файла:
Shift(Scale(D9(),0.217102508850986892?),5.447879418457620915?)
======================================

===
Нормальное
Начальное приближение
масштаба t[0] = 0.22000000000000
сдвига t[1] = 5.50000000000000

# Результаты оценивания параметров распределения:
Нормальное с масштабом 0.2200 со сдвигом 5.5000
Метод максимального правдоподобия
Оценка по серединам интервалов

Проверка гипотез о согласии
Критерий Колмогорова...
Критерий Крамера-Мизеса-Смирнова...
Критерий Андерсона-Дарлинга...
Простая гипотеза

Уровень значимости (вероятность ошибки первого рода) a= 0.1     
Достигаемый уровень значимости (вероятность согласия) P=1-G(S|H0)= 0.5857047223889885
P>a: гипотеза о согласии НЕ ОТВЕРГАЕТСЯ

Результаты проверки согласия: k=10, r=0
* Колмогорова S=0.6612322864542696 P=0.7744135276611631
* Крамера-Мизеса-Смирнова S=0.1216648804745813 P=0.4887180079010813
* Андерсона-Дарлинга S=0.7822840237740891 P=0.4939826316047211

G:\Other\ucheba\FPMI\IM_PMI\lab1\kavendish_2.dat
Наилучшее :
N(5.5000,0.2200)
Имя для .ini-файла:
Shift(Scale(D9(),0.220000000000000001),5.500000000000000000)
======================================

===
Нормальное
Начальное приближение
масштаба t[0] = 0.22094568353759
сдвига t[1] = 5.44787655517241

# Результаты оценивания параметров распределения:
Нормальное с масштабом 0.2171 со сдвигом 5.4479
Метод максимального правдоподобия
Оценка по серединам интервалов

Проверка гипотез о согласии
Критерий Колмогорова...
Критерий Крамера-Мизеса-Смирнова...
Критерий Андерсона-Дарлинга...
Сложная гипотеза
Cтатистика Колмогорова подчиняется распределению Гамма (6.4721,0.0580,0.2620)
Cтатистика Крамера-Мизеса-Смирнова подчиняется распределению Бе-III (4.1153,4.1748,11.0350,0.5116,0.0090)
Cтатистика Андерсона-Дарлинга подчиняется распределению Бе-III (4.7262,4.6575,9.4958,2.7170,0.0775)

Уровень значимости (вероятность ошибки первого рода) a= 0.1     
Достигаемый уровень значимости (вероятность согласия) P=1-G(S|H0)= 0.8603293813235782
P>a: гипотеза о согласии НЕ ОТВЕРГАЕТСЯ

Результаты проверки согласия: k=10, r=2
* Колмогорова S=0.5154134335960867 P=0.7889705507439203
* Крамера-Мизеса-Смирнова S=0.02535544691691975 P=0.9131656788253818
* Андерсона-Дарлинга S=0.2029477029674425 P=0.8788519144014323

G:\Other\ucheba\FPMI\IM_PMI\lab1\kavendish_2.dat
Наилучшее :
N(5.4479,0.2171)
Имя для .ini-файла:
Shift(Scale(D9(),0.217102508850986892?),5.447879418457620915?)
======================================

===
Нормальное
Начальное приближение
масштаба t[0] = 0.22094568353759
сдвига t[1] = 5.44787655517241

# Результаты оценивания параметров распределения:
Нормальное с масштабом 0.2171 со сдвигом 5.4479
Метод максимального правдоподобия
Оценка по серединам интервалов

Проверка гипотез о согласии
Критерий Колмогорова...
Критерий Крамера-Мизеса-Смирнова...
Критерий Андерсона-Дарлинга...
Сложная гипотеза
Cтатистика Колмогорова подчиняется распределению Гамма (6.4721,0.0580,0.2620)
Cтатистика Крамера-Мизеса-Смирнова подчиняется распределению Бе-III (4.1153,4.1748,11.0350,0.5116,0.0090)
Cтатистика Андерсона-Дарлинга подчиняется распределению Бе-III (4.7262,4.6575,9.4958,2.7170,0.0775)

Уровень значимости (вероятность ошибки первого рода) a= 0.1     
Достигаемый уровень значимости (вероятность согласия) P=1-G(S|H0)= 0.8603293813235782
P>a: гипотеза о согласии НЕ ОТВЕРГАЕТСЯ

Результаты проверки согласия: k=10, r=2
* Колмогорова S=0.5154134335960867 P=0.7889705507439203
* Крамера-Мизеса-Смирнова S=0.02535544691691975 P=0.9131656788253818
* Андерсона-Дарлинга S=0.2029477029674425 P=0.8788519144014323

G:\Other\ucheba\FPMI\IM_PMI\lab1\kavendish_2.dat
Наилучшее :
N(5.4479,0.2171)
Имя для .ini-файла:
Shift(Scale(D9(),0.217102508850986892?),5.447879418457620915?)
======================================

===
Лапласа
Начальное приближение
масштаба t[0] = 0.18000000000000
сдвига t[1] = 5.50000000000000

# Результаты оценивания параметров распределения:
Лапласа с масштабом 0.1800 со сдвигом 5.5000
Метод максимального правдоподобия
Оценка по серединам интервалов

Проверка гипотез о согласии
Критерий Колмогорова...
Критерий Крамера-Мизеса-Смирнова...
Критерий Андерсона-Дарлинга...
Простая гипотеза

Уровень значимости (вероятность ошибки первого рода) a= 0.1     
Достигаемый уровень значимости (вероятность согласия) P=1-G(S|H0)= 0.4466012570897245
P>a: гипотеза о согласии НЕ ОТВЕРГАЕТСЯ

Результаты проверки согласия: k=10, r=0
* Колмогорова S=0.8365560534335563 P=0.4859662966436071
* Крамера-Мизеса-Смирнова S=0.1460156578340443 P=0.4019480858953529
* Андерсона-Дарлинга S=0.8417067552345969 P=0.4518893887302134

G:\Other\ucheba\FPMI\IM_PMI\lab1\kavendish.dat
Наилучшее :
Лап(5.5000,0.1800)
Имя для .ini-файла:
Shift(Scale(D8(),0.179999999999999993),5.500000000000000000)
======================================

===
Лапласа
Начальное приближение
масштаба t[0] = 5.44793103448276
сдвига t[1] = 5.44787655517241

# Результаты оценивания параметров распределения:
Лапласа с масштабом 0.1736 со сдвигом 5.4600
Метод максимального правдоподобия
Оценка по серединам интервалов

Проверка гипотез о согласии
Критерий Колмогорова...
Критерий Крамера-Мизеса-Смирнова...
Критерий Андерсона-Дарлинга...
Сложная гипотеза
Cтатистика Колмогорова подчиняется распределению Гамма (6.2949,0.0624,0.2613)
Cтатистика Крамера-Мизеса-Смирнова подчиняется распределению Бе-III (4.4890,3.7706,17.5770,0.7065,0.0085)
Cтатистика Андерсона-Дарлинга подчиняется распределению Бе-III (5.3576,3.8690,17.2148,4.2386,0.0730)

Уровень значимости (вероятность ошибки первого рода) a= 0.1     
Достигаемый уровень значимости (вероятность согласия) P=1-G(S|H0)= 0.6469892751939033
P>a: гипотеза о согласии НЕ ОТВЕРГАЕТСЯ

Результаты проверки согласия: k=10, r=2
* Колмогорова S=0.5598720638844277 P=0.6991563547070573
* Крамера-Мизеса-Смирнова S=0.04986218057183812 P=0.5554094274431061
* Андерсона-Дарлинга S=0.3100013518746962 P=0.6864020434315465

G:\Other\ucheba\FPMI\IM_PMI\lab1\kavendish.dat
Наилучшее :
Лап(5.4600,0.1736)
Имя для .ini-файла:
Shift(Scale(D8(),0.173634160154918366?),5.460000540741538622?)
======================================

===
Логарифмически(ln) Нормальное
Начальное приближение
формы t[0] = 0.05000000000000
формы t[1] = 1.70000000000000

# Результаты оценивания параметров распределения:
Логарифмически(ln) Нормальное с масштабом 0.0500 со сдвигом 1.7000
Метод максимального правдоподобия
Оценка по серединам интервалов

Проверка гипотез о согласии
Критерий Колмогорова...
Критерий Крамера-Мизеса-Смирнова...
Критерий Андерсона-Дарлинга...
Простая гипотеза

Уровень значимости (вероятность ошибки первого рода) a= 0.1     
Достигаемый уровень значимости (вероятность согласия) P=1-G(S|H0)= 0.6431666726409954
P>a: гипотеза о согласии НЕ ОТВЕРГАЕТСЯ

Результаты проверки согласия: k=10, r=0
* Колмогорова S=0.7121603866168195 P=0.6909080657003053
* Крамера-Мизеса-Смирнова S=0.09017207606567978 P=0.6352235026280247
* Андерсона-Дарлинга S=0.6484933764430245 P=0.6033684495946561

G:\Other\ucheba\FPMI\IM_PMI\lab1\kavendish.dat
Наилучшее :
Логарифмически(ln) N(1.7000,0.0500)
Имя для .ini-файла:
Ln(Shift(Scale(D9(),0.050000000000000003),1.699999999999999956))
======================================

===
Логарифмически(ln) Нормальное
Начальное приближение
формы t[0] = 0.05000000000000
формы t[1] = 1.70000000000000

# Результаты оценивания параметров распределения:
Логарифмически(ln) Нормальное с масштабом 0.0500 со сдвигом 1.7000
Метод максимального правдоподобия
Оценка по серединам интервалов

Проверка гипотез о согласии
Критерий Колмогорова...
Критерий Крамера-Мизеса-Смирнова...
Критерий Андерсона-Дарлинга...
Простая гипотеза

Уровень значимости (вероятность ошибки первого рода) a= 0.1     
Достигаемый уровень значимости (вероятность согласия) P=1-G(S|H0)= 0.6431666726409954
P>a: гипотеза о согласии НЕ ОТВЕРГАЕТСЯ

Результаты проверки согласия: k=10, r=0
* Колмогорова S=0.7121603866168195 P=0.6909080657003053
* Крамера-Мизеса-Смирнова S=0.09017207606567978 P=0.6352235026280247
* Андерсона-Дарлинга S=0.6484933764430245 P=0.6033684495946561

G:\Other\ucheba\FPMI\IM_PMI\lab1\kavendish.dat
Наилучшее :
Логарифмически(ln) N(1.7000,0.0500)
Имя для .ini-файла:
Ln(Shift(Scale(D9(),0.050000000000000003),1.699999999999999956))
======================================

===
Логарифмически(ln) Нормальное
Начальное приближение
формы t[0] = 0.05000000000000
формы t[1] = 1.70000000000000

# Результаты оценивания параметров распределения:
Логарифмически(ln) Нормальное с масштабом 0.0403 со сдвигом 1.6944
Метод максимального правдоподобия
Оценка по серединам интервалов

Проверка гипотез о согласии
Критерий Колмогорова...
Критерий Крамера-Мизеса-Смирнова...
Критерий Андерсона-Дарлинга...
Сложная гипотеза
Cтатистика Колмогорова подчиняется распределению Гамма (6.4721,0.0580,0.2620)
Cтатистика Крамера-Мизеса-Смирнова подчиняется распределению Бе-III (4.1153,4.1748,11.0350,0.5116,0.0090)
Cтатистика Андерсона-Дарлинга подчиняется распределению Бе-III (4.7262,4.6575,9.4958,2.7170,0.0775)

Уровень значимости (вероятность ошибки первого рода) a= 0.1     
Достигаемый уровень значимости (вероятность согласия) P=1-G(S|H0)= 0.7818756609697578
P>a: гипотеза о согласии НЕ ОТВЕРГАЕТСЯ

Результаты проверки согласия: k=10, r=2
* Колмогорова S=0.5363228546402077 P=0.7335740981911673
* Крамера-Мизеса-Смирнова S=0.03022745793328706 P=0.841118888578154
* Андерсона-Дарлинга S=0.2431077677981115 P=0.7709339961399519

G:\Other\ucheba\FPMI\IM_PMI\lab1\kavendish.dat
Наилучшее :
Логарифмически(ln) N(1.6944,0.0403)
Имя для .ini-файла:
Ln(Shift(Scale(D9(),0.040287545281802284?),1.694428910801774712?))
======================================

===
Логарифмически(ln) Нормальное
Начальное приближение
формы t[0] = 0.04028754528180
формы t[1] = 1.69442891080177

# Результаты оценивания параметров распределения:
Логарифмически(ln) Нормальное с масштабом 0.0403 со сдвигом 1.6944
Метод максимального правдоподобия
Оценка по серединам интервалов

Проверка гипотез о согласии
Критерий Колмогорова...
Критерий Крамера-Мизеса-Смирнова...
Критерий Андерсона-Дарлинга...
Сложная гипотеза
Cтатистика Колмогорова подчиняется распределению Гамма (6.4721,0.0580,0.2620)
Cтатистика Крамера-Мизеса-Смирнова подчиняется распределению Бе-III (4.1153,4.1748,11.0350,0.5116,0.0090)
Cтатистика Андерсона-Дарлинга подчиняется распределению Бе-III (4.7262,4.6575,9.4958,2.7170,0.0775)

Уровень значимости (вероятность ошибки первого рода) a= 0.1     
Достигаемый уровень значимости (вероятность согласия) P=1-G(S|H0)= 0.7818823049503223
P>a: гипотеза о согласии НЕ ОТВЕРГАЕТСЯ

Результаты проверки согласия: k=10, r=2
* Колмогорова S=0.5362877133181302 P=0.7336703748073142
* Крамера-Мизеса-Смирнова S=0.03022987863015819 P=0.8410799174400183
* Андерсона-Дарлинга S=0.2431208084251359 P=0.7708966226036343

G:\Other\ucheba\FPMI\IM_PMI\lab1\kavendish.dat
Наилучшее :
Логарифмически(ln) N(1.6944,0.0403)
Имя для .ini-файла:
Ln(Shift(Scale(D9(),0.040285872422733862?),1.694428433423206037?))
======================================

===
Логистическое
Начальное приближение
масштаба t[0] = 0.13000000000000
сдвига t[1] = 5.50000000000000

# Результаты оценивания параметров распределения:
Логистическое с масштабом 0.1300 со сдвигом 5.5000
Метод максимального правдоподобия
Оценка по серединам интервалов

Проверка гипотез о согласии
Критерий Колмогорова...
Критерий Крамера-Мизеса-Смирнова...
Критерий Андерсона-Дарлинга...
Простая гипотеза

Уровень значимости (вероятность ошибки первого рода) a= 0.1     
Достигаемый уровень значимости (вероятность согласия) P=1-G(S|H0)= 0.5700720310597401
P>a: гипотеза о согласии НЕ ОТВЕРГАЕТСЯ

Результаты проверки согласия: k=10, r=0
* Колмогорова S=0.7052882170353607 P=0.7024147274886972
* Крамера-Мизеса-Смирнова S=0.1234263749947542 P=0.4817374124507222
* Андерсона-Дарлинга S=0.7403408758933665 P=0.5260639532398009

G:\Other\ucheba\FPMI\IM_PMI\lab1\kavendish.dat
Наилучшее :
Лог(5.5000,0.1300)
Имя для .ini-файла:
Shift(Scale(D13(),0.130000000000000004),5.500000000000000000)
======================================

===
Логистическое
Начальное приближение
масштаба t[0] = 0.12181373965299
сдвига t[1] = 5.44787655517241

# Результаты оценивания параметров распределения:
Логистическое с масштабом 0.1233 со сдвигом 5.4561
Метод максимального правдоподобия
Оценка по серединам интервалов

Проверка гипотез о согласии
Критерий Колмогорова...
Критерий Крамера-Мизеса-Смирнова...
Критерий Андерсона-Дарлинга...
Сложная гипотеза
Cтатистика Колмогорова подчиняется распределению Гамма (7.5402,0.0451,0.2422)
Cтатистика Крамера-Мизеса-Смирнова подчиняется распределению Sb-Дж (3.2137,1.3612,0.3600,0.0105)
Cтатистика Андерсона-Дарлинга подчиняется распределению Sb-Дж (3.4090,1.4340,2.4480,0.0950)

Уровень значимости (вероятность ошибки первого рода) a= 0.1     
Достигаемый уровень значимости (вероятность согласия) P=1-G(S|H0)= 0.9212835383855421
P>a: гипотеза о согласии НЕ ОТВЕРГАЕТСЯ

Результаты проверки согласия: k=10, r=2
* Колмогорова S=0.3857268228786369 P=0.9739945189171834
* Крамера-Мизеса-Смирнова S=0.02416317929433707 P=0.882319325877741
* Андерсона-Дарлинга S=0.1819297515385045 P=0.9075367703617019

G:\Other\ucheba\FPMI\IM_PMI\lab1\kavendish.dat
Наилучшее :
Лог(5.4561,0.1233)
Имя для .ini-файла:
Shift(Scale(D13(),0.123279198733547424?),5.456062190242350951?)
======================================

===
Логистическое
Начальное приближение
масштаба t[0] = 0.12181373965299
сдвига t[1] = 5.44787655517241

# Результаты оценивания параметров распределения:
Логистическое с масштабом 0.1233 со сдвигом 5.4561
Метод максимального правдоподобия
Оценка по серединам интервалов

Проверка гипотез о согласии
Критерий Колмогорова...
Критерий Крамера-Мизеса-Смирнова...
Критерий Андерсона-Дарлинга...
Сложная гипотеза
Cтатистика Колмогорова подчиняется распределению Гамма (7.5402,0.0451,0.2422)
Cтатистика Крамера-Мизеса-Смирнова подчиняется распределению Sb-Дж (3.2137,1.3612,0.3600,0.0105)
Cтатистика Андерсона-Дарлинга подчиняется распределению Sb-Дж (3.4090,1.4340,2.4480,0.0950)

Уровень значимости (вероятность ошибки первого рода) a= 0.5     
Достигаемый уровень значимости (вероятность согласия) P=1-G(S|H0)= 0.9212835383855421
P>a: гипотеза о согласии НЕ ОТВЕРГАЕТСЯ

Результаты проверки согласия: k=10, r=2
* Колмогорова S=0.3857268228786369 P=0.9739945189171834
* Крамера-Мизеса-Смирнова S=0.02416317929433707 P=0.882319325877741
* Андерсона-Дарлинга S=0.1819297515385045 P=0.9075367703617019

G:\Other\ucheba\FPMI\IM_PMI\lab1\kavendish.dat
Наилучшее :
Лог(5.4561,0.1233)
Имя для .ini-файла:
Shift(Scale(D13(),0.123279198733547424?),5.456062190242350951?)
======================================

===
Нормальное
Начальное приближение
масштаба t[0] = 0.22094568353759
сдвига t[1] = 5.44787655517241

# Результаты оценивания параметров распределения:
Нормальное с масштабом 0.2171 со сдвигом 5.4479
Метод максимального правдоподобия
Оценка по серединам интервалов

Проверка гипотез о согласии
Критерий Колмогорова...
Критерий Крамера-Мизеса-Смирнова...
Критерий Андерсона-Дарлинга...
Сложная гипотеза
Cтатистика Колмогорова подчиняется распределению Гамма (6.4721,0.0580,0.2620)
Cтатистика Крамера-Мизеса-Смирнова подчиняется распределению Бе-III (4.1153,4.1748,11.0350,0.5116,0.0090)
Cтатистика Андерсона-Дарлинга подчиняется распределению Бе-III (4.7262,4.6575,9.4958,2.7170,0.0775)

Уровень значимости (вероятность ошибки первого рода) a= 0.5     
Достигаемый уровень значимости (вероятность согласия) P=1-G(S|H0)= 0.8603293813238199
P>a: гипотеза о согласии НЕ ОТВЕРГАЕТСЯ

Результаты проверки согласия: k=10, r=2
* Колмогорова S=0.5154134335959738 P=0.7889705507442077
* Крамера-Мизеса-Смирнова S=0.02535544691690086 P=0.9131656788256302
* Андерсона-Дарлинга S=0.2029477029673643 P=0.8788519144016218

G:\Other\ucheba\FPMI\IM_PMI\lab1\kavendish.dat
Наилучшее :
N(5.4479,0.2171)
Имя для .ini-файла:
Shift(Scale(D9(),0.217102508850987280?),5.447879418457637790?)
======================================

===
Нормальное
Начальное приближение
масштаба t[0] = 0.22000000000000
сдвига t[1] = 5.50000000000000

# Результаты оценивания параметров распределения:
Нормальное с масштабом 0.2200 со сдвигом 5.5000
Метод максимального правдоподобия
Оценка по серединам интервалов

Проверка гипотез о согласии
Критерий Колмогорова...
Критерий Крамера-Мизеса-Смирнова...
Критерий Андерсона-Дарлинга...
Простая гипотеза

Уровень значимости (вероятность ошибки первого рода) a= 0.5     
Достигаемый уровень значимости (вероятность согласия) P=1-G(S|H0)= 0.5857047223889885
P>a: гипотеза о согласии НЕ ОТВЕРГАЕТСЯ

Результаты проверки согласия: k=10, r=0
* Колмогорова S=0.6612322864542696 P=0.7744135276611631
* Крамера-Мизеса-Смирнова S=0.1216648804745813 P=0.4887180079010813
* Андерсона-Дарлинга S=0.7822840237740891 P=0.4939826316047211

G:\Other\ucheba\FPMI\IM_PMI\lab1\kavendish.dat
Наилучшее :
N(5.5000,0.2200)
Имя для .ini-файла:
Shift(Scale(D9(),0.220000000000000001),5.500000000000000000)
======================================

===
Нормальное
Начальное приближение
масштаба t[0] = 0.22094568353759
сдвига t[1] = 5.44787655517241

# Результаты оценивания параметров распределения:
Нормальное с масштабом 0.2171 со сдвигом 5.4479
Метод максимального правдоподобия
Оценка по серединам интервалов

Проверка гипотез о согласии
Критерий Колмогорова...
Критерий Крамера-Мизеса-Смирнова...
Критерий Андерсона-Дарлинга...
Сложная гипотеза
Cтатистика Колмогорова подчиняется распределению Гамма (6.4721,0.0580,0.2620)
Cтатистика Крамера-Мизеса-Смирнова подчиняется распределению Бе-III (4.1153,4.1748,11.0350,0.5116,0.0090)
Cтатистика Андерсона-Дарлинга подчиняется распределению Бе-III (4.7262,4.6575,9.4958,2.7170,0.0775)

Уровень значимости (вероятность ошибки первого рода) a= 0.5     
Достигаемый уровень значимости (вероятность согласия) P=1-G(S|H0)= 0.8603293813238199
P>a: гипотеза о согласии НЕ ОТВЕРГАЕТСЯ

Результаты проверки согласия: k=10, r=2
* Колмогорова S=0.5154134335959738 P=0.7889705507442077
* Крамера-Мизеса-Смирнова S=0.02535544691690086 P=0.9131656788256302
* Андерсона-Дарлинга S=0.2029477029673643 P=0.8788519144016218

G:\Other\ucheba\FPMI\IM_PMI\lab1\kavendish.dat
Наилучшее :
N(5.4479,0.2171)
Имя для .ini-файла:
Shift(Scale(D9(),0.217102508850987280?),5.447879418457637790?)
======================================

===
Нормальное
Начальное приближение
масштаба t[0] = 0.22094568353759
сдвига t[1] = 5.44787655517241

# Результаты оценивания параметров распределения:
Нормальное с масштабом 0.2171 со сдвигом 5.4479
Метод максимального правдоподобия
Оценка по серединам интервалов

Проверка гипотез о согласии
Критерий Колмогорова...
Критерий Крамера-Мизеса-Смирнова...
Критерий Андерсона-Дарлинга...
Сложная гипотеза
Cтатистика Колмогорова подчиняется распределению Гамма (6.4721,0.0580,0.2620)
Cтатистика Крамера-Мизеса-Смирнова подчиняется распределению Бе-III (4.1153,4.1748,11.0350,0.5116,0.0090)
Cтатистика Андерсона-Дарлинга подчиняется распределению Бе-III (4.7262,4.6575,9.4958,2.7170,0.0775)

Уровень значимости (вероятность ошибки первого рода) a= 0.5     
Достигаемый уровень значимости (вероятность согласия) P=1-G(S|H0)= 0.8603293813235782
P>a: гипотеза о согласии НЕ ОТВЕРГАЕТСЯ

Результаты проверки согласия: k=10, r=2
* Колмогорова S=0.5154134335960867 P=0.7889705507439203
* Крамера-Мизеса-Смирнова S=0.02535544691691975 P=0.9131656788253818
* Андерсона-Дарлинга S=0.2029477029674425 P=0.8788519144014323

G:\Other\ucheba\FPMI\IM_PMI\lab1\kavendish_2.dat
Наилучшее :
N(5.4479,0.2171)
Имя для .ini-файла:
Shift(Scale(D9(),0.217102508850986892?),5.447879418457620915?)
======================================

===
Нормальное
Начальное приближение
масштаба t[0] = 0.22094568353759
сдвига t[1] = 5.44787655517241

# Результаты оценивания параметров распределения:
Нормальное с масштабом 0.2171 со сдвигом 5.4479
Метод максимального правдоподобия
Оценка по серединам интервалов

Проверка гипотез о согласии
Критерий Колмогорова...
Критерий Крамера-Мизеса-Смирнова...
Критерий Андерсона-Дарлинга...
Сложная гипотеза
Cтатистика Колмогорова подчиняется распределению Гамма (6.4721,0.0580,0.2620)
Cтатистика Крамера-Мизеса-Смирнова подчиняется распределению Бе-III (4.1153,4.1748,11.0350,0.5116,0.0090)
Cтатистика Андерсона-Дарлинга подчиняется распределению Бе-III (4.7262,4.6575,9.4958,2.7170,0.0775)

Уровень значимости (вероятность ошибки первого рода) a= 0.5     
Достигаемый уровень значимости (вероятность согласия) P=1-G(S|H0)= 0.8603293813235782
P>a: гипотеза о согласии НЕ ОТВЕРГАЕТСЯ

Результаты проверки согласия: k=10, r=2
* Колмогорова S=0.5154134335960867 P=0.7889705507439203
* Крамера-Мизеса-Смирнова S=0.02535544691691975 P=0.9131656788253818
* Андерсона-Дарлинга S=0.2029477029674425 P=0.8788519144014323

G:\Other\ucheba\FPMI\IM_PMI\lab1\kavendish_2.dat
Наилучшее :
N(5.4479,0.2171)
Имя для .ini-файла:
Shift(Scale(D9(),0.217102508850986892?),5.447879418457620915?)
======================================

===
Нормальное
Начальное приближение
масштаба t[0] = 0.22094568353759
сдвига t[1] = 5.44787655517241

# Результаты оценивания параметров распределения:
Нормальное с масштабом 0.2171 со сдвигом 5.4479
Метод максимального правдоподобия
Оценка по серединам интервалов

Проверка гипотез о согласии
Критерий Колмогорова...
Критерий Крамера-Мизеса-Смирнова...
Критерий Андерсона-Дарлинга...
Сложная гипотеза
Cтатистика Колмогорова подчиняется распределению Гамма (6.4721,0.0580,0.2620)
Cтатистика Крамера-Мизеса-Смирнова подчиняется распределению Бе-III (4.1153,4.1748,11.0350,0.5116,0.0090)
Cтатистика Андерсона-Дарлинга подчиняется распределению Бе-III (4.7262,4.6575,9.4958,2.7170,0.0775)

Уровень значимости (вероятность ошибки первого рода) a= 0.1     
Достигаемый уровень значимости (вероятность согласия) P=1-G(S|H0)= 0.8603293813235782
P>a: гипотеза о согласии НЕ ОТВЕРГАЕТСЯ

Результаты проверки согласия: k=10, r=2
* Колмогорова S=0.5154134335960867 P=0.7889705507439203
* Крамера-Мизеса-Смирнова S=0.02535544691691975 P=0.9131656788253818
* Андерсона-Дарлинга S=0.2029477029674425 P=0.8788519144014323

G:\Other\ucheba\FPMI\IM_PMI\lab1\kavendish_2.dat
Наилучшее :
N(5.4479,0.2171)
Имя для .ini-файла:
Shift(Scale(D9(),0.217102508850986892?),5.447879418457620915?)
======================================

===
Лапласа
Начальное приближение
масштаба t[0] = 5.44793103448276
сдвига t[1] = 5.44787655517241

# Результаты оценивания параметров распределения:
Лапласа с масштабом 0.1736 со сдвигом 5.4600
Метод максимального правдоподобия
Оценка по серединам интервалов

Проверка гипотез о согласии
Критерий Колмогорова...
Критерий Крамера-Мизеса-Смирнова...
Критерий Андерсона-Дарлинга...
Сложная гипотеза
Cтатистика Колмогорова подчиняется распределению Гамма (6.2949,0.0624,0.2613)
Cтатистика Крамера-Мизеса-Смирнова подчиняется распределению Бе-III (4.4890,3.7706,17.5770,0.7065,0.0085)
Cтатистика Андерсона-Дарлинга подчиняется распределению Бе-III (5.3576,3.8690,17.2148,4.2386,0.0730)

Уровень значимости (вероятность ошибки первого рода) a= 0.1     
Достигаемый уровень значимости (вероятность согласия) P=1-G(S|H0)= 0.6469892747428204
P>a: гипотеза о согласии НЕ ОТВЕРГАЕТСЯ

Результаты проверки согласия: k=10, r=2
* Колмогорова S=0.5598720641991775 P=0.6991563538685142
* Крамера-Мизеса-Смирнова S=0.04986218059037232 P=0.5554094271814198
* Андерсона-Дарлинга S=0.3100013519830149 P=0.6864020431785274

G:\Other\ucheba\FPMI\IM_PMI\lab1\kavendish_2.dat
Наилучшее :
Лап(5.4600,0.1736)
Имя для .ini-файла:
Shift(Scale(D8(),0.173634160146156818?),5.460000540772596444?)
======================================

===
Лапласа
Начальное приближение
масштаба t[0] = 5.44793103448276
сдвига t[1] = 5.44787655517241

# Результаты оценивания параметров распределения:
Лапласа с масштабом 0.1736 со сдвигом 5.4600
Метод максимального правдоподобия
Оценка по серединам интервалов

Проверка гипотез о согласии
Критерий Колмогорова...
Критерий Крамера-Мизеса-Смирнова...
Критерий Андерсона-Дарлинга...
Сложная гипотеза
Cтатистика Колмогорова подчиняется распределению Гамма (6.2949,0.0624,0.2613)
Cтатистика Крамера-Мизеса-Смирнова подчиняется распределению Бе-III (4.4890,3.7706,17.5770,0.7065,0.0085)
Cтатистика Андерсона-Дарлинга подчиняется распределению Бе-III (5.3576,3.8690,17.2148,4.2386,0.0730)

Уровень значимости (вероятность ошибки первого рода) a= 0.5     
Достигаемый уровень значимости (вероятность согласия) P=1-G(S|H0)= 0.6469892747428204
P>a: гипотеза о согласии НЕ ОТВЕРГАЕТСЯ

Результаты проверки согласия: k=10, r=2
* Колмогорова S=0.5598720641991775 P=0.6991563538685142
* Крамера-Мизеса-Смирнова S=0.04986218059037232 P=0.5554094271814198
* Андерсона-Дарлинга S=0.3100013519830149 P=0.6864020431785274

G:\Other\ucheba\FPMI\IM_PMI\lab1\kavendish_2.dat
Наилучшее :
Лап(5.4600,0.1736)
Имя для .ini-файла:
Shift(Scale(D8(),0.173634160146156818?),5.460000540772596444?)
======================================

===
Лапласа
Начальное приближение
масштаба t[0] = 5.44793103448276
сдвига t[1] = 5.44787655517241

# Результаты оценивания параметров распределения:
Лапласа с масштабом 0.1736 со сдвигом 5.4600
Метод максимального правдоподобия
Оценка по серединам интервалов

Проверка гипотез о согласии
Критерий Хи-квадрат Пирсона...
Критерий Колмогорова...
Критерий Крамера-Мизеса-Смирнова...
Критерий Андерсона-Дарлинга...
Сложная гипотеза
Cтатистика Колмогорова подчиняется распределению Гамма (6.2949,0.0624,0.2613)
Cтатистика Крамера-Мизеса-Смирнова подчиняется распределению Бе-III (4.4890,3.7706,17.5770,0.7065,0.0085)
Cтатистика Андерсона-Дарлинга подчиняется распределению Бе-III (5.3576,3.8690,17.2148,4.2386,0.0730)

Уровень значимости (вероятность ошибки первого рода) a= 0.5     
Достигаемый уровень значимости (вероятность согласия) P=1-G(S|H0)= 0.6428877207500638
P>a: гипотеза о согласии НЕ ОТВЕРГАЕТСЯ

Результаты проверки согласия: k=10, r=2
* Хи-квадрат Пирсона S=5.240966681112894 P=0.6305830587717942
* Колмогорова S=0.5598720641991775 P=0.6991563538685142
* Крамера-Мизеса-Смирнова S=0.04986218059037232 P=0.5554094271814198
* Андерсона-Дарлинга S=0.3100013519830149 P=0.6864020431785274

G:\Other\ucheba\FPMI\IM_PMI\lab1\kavendish_2.dat
Наилучшее :
Лап(5.4600,0.1736)
Имя для .ini-файла:
Shift(Scale(D8(),0.173634160146156818?),5.460000540772596444?)
======================================

===
Лапласа
Начальное приближение
масштаба t[0] = 5.44793103448276
сдвига t[1] = 5.44787655517241

# Результаты оценивания параметров распределения:
Лапласа с масштабом 0.1736 со сдвигом 5.4600
Метод максимального правдоподобия
Оценка по серединам интервалов

Проверка гипотез о согласии
Критерий Колмогорова...
Сложная гипотеза
Cтатистика Колмогорова подчиняется распределению Гамма (6.2949,0.0624,0.2613)

Уровень значимости (вероятность ошибки первого рода) a= 0.5     
Достигаемый уровень значимости (вероятность согласия) P=1-G(S|H0)= 0.6991563538685142
P>a: гипотеза о согласии НЕ ОТВЕРГАЕТСЯ

Результаты проверки согласия: k=10, r=2
* Колмогорова S=0.5598720641991775 P=0.6991563538685142
